Log file open, 02/13/20 17:37:26
LogWindows: Failed to load 'aqProf.dll' (GetLastError=126)
LogWindows: File 'aqProf.dll' does not exist
LogWindows: Failed to load 'VtuneApi.dll' (GetLastError=126)
LogWindows: File 'VtuneApi.dll' does not exist
LogWindows: Failed to load 'VtuneApi32e.dll' (GetLastError=126)
LogWindows: File 'VtuneApi32e.dll' does not exist
LogConsoleResponse: Display: Failed to find resolution value strings in scalability ini. Falling back to default.
LogInit: Display: Running engine for game: FPS
LogPlatformFile: Not using cached read wrapper
LogTaskGraph: Started task graph with 5 named threads and 23 total threads with 3 sets of task threads.
LogStats: Stats thread started at 0.073710
LogD3D11RHI: Loaded GFSDK_Aftermath_Lib.x64.dll
LogICUInternationalization: ICU TimeZone Detection - Raw Offset: +1:00, Platform Override: ''
LogPluginManager: Mounting plugin Paper2D
LogPluginManager: Mounting plugin AISupport
LogPluginManager: Mounting plugin LightPropagationVolume
LogPluginManager: Mounting plugin ActorLayerUtilities
LogPluginManager: Mounting plugin AnimationSharing
LogPluginManager: Mounting plugin CLionSourceCodeAccess
LogPluginManager: Mounting plugin CodeLiteSourceCodeAccess
LogPluginManager: Mounting plugin GitSourceControl
LogPluginManager: Mounting plugin KDevelopSourceCodeAccess
LogPluginManager: Mounting plugin NullSourceCodeAccess
LogPluginManager: Mounting plugin PerforceSourceControl
LogPluginManager: Mounting plugin PlasticSourceControl
LogPluginManager: Mounting plugin SubversionSourceControl
LogPluginManager: Mounting plugin UObjectPlugin
LogPluginManager: Mounting plugin VisualStudioCodeSourceCodeAccess
LogPluginManager: Mounting plugin VisualStudioSourceCodeAccess
LogPluginManager: Mounting plugin XCodeSourceCodeAccess
LogPluginManager: Mounting plugin AssetManagerEditor
LogPluginManager: Mounting plugin CryptoKeys
LogPluginManager: Mounting plugin CurveEditorTools
LogPluginManager: Mounting plugin DataValidation
LogPluginManager: Mounting plugin FacialAnimation
LogPluginManager: Mounting plugin GameplayTagsEditor
LogPluginManager: Mounting plugin MacGraphicsSwitching
LogPluginManager: Mounting plugin MaterialAnalyzer
LogPluginManager: Mounting plugin MobileLauncherProfileWizard
LogPluginManager: Mounting plugin PluginBrowser
LogPluginManager: Mounting plugin SpeedTreeImporter
LogPluginManager: Mounting plugin DatasmithContent
LogPluginManager: Mounting plugin VariantManagerContent
LogPluginManager: Mounting plugin AlembicImporter
LogPluginManager: Mounting plugin AutomationUtils
LogPluginManager: Mounting plugin BackChannel
LogPluginManager: Mounting plugin CharacterAI
LogPluginManager: Mounting plugin GeometryCache
LogPluginManager: Mounting plugin PlatformCrypto
LogPluginManager: Mounting plugin ProxyLODPlugin
LogPluginManager: Mounting plugin SkeletalReduction
LogPluginManager: Mounting plugin MagicLeap
LogPluginManager: Mounting plugin MagicLeapMedia
LogPluginManager: Mounting plugin MLSDK
LogPluginManager: Mounting plugin AndroidMedia
LogPluginManager: Mounting plugin AvfMedia
LogPluginManager: Mounting plugin ImgMedia
LogPluginManager: Mounting plugin MediaCompositing
LogPluginManager: Mounting plugin MediaPlayerEditor
LogPluginManager: Mounting plugin WebMMedia
LogPluginManager: Mounting plugin WmfMedia
LogPluginManager: Mounting plugin TcpMessaging
LogPluginManager: Mounting plugin UdpMessaging
LogPluginManager: Mounting plugin ActorSequence
LogPluginManager: Mounting plugin LevelSequenceEditor
LogPluginManager: Mounting plugin MatineeToLevelSequence
LogPluginManager: Mounting plugin NetcodeUnitTest
LogPluginManager: Mounting plugin NUTUnrealEngine4
LogPluginManager: Mounting plugin OnlineSubsystemGooglePlay
LogPluginManager: Mounting plugin OnlineSubsystemIOS
LogPluginManager: Mounting plugin OnlineSubsystem
LogPluginManager: Mounting plugin OnlineSubsystemNull
LogPluginManager: Mounting plugin OnlineSubsystemUtils
LogPluginManager: Mounting plugin LauncherChunkInstaller
LogPluginManager: Mounting plugin AndroidDeviceProfileSelector
LogPluginManager: Mounting plugin AndroidMoviePlayer
LogPluginManager: Mounting plugin AndroidPermission
LogPluginManager: Mounting plugin AppleImageUtils
LogPluginManager: Mounting plugin AppleMoviePlayer
LogPluginManager: Mounting plugin ArchVisCharacter
LogPluginManager: Mounting plugin AssetTags
LogPluginManager: Mounting plugin AudioCapture
LogPluginManager: Mounting plugin CableComponent
LogPluginManager: Mounting plugin CustomMeshComponent
LogPluginManager: Mounting plugin EditableMesh
LogPluginManager: Mounting plugin ExampleDeviceProfileSelector
LogPluginManager: Mounting plugin GoogleCloudMessaging
LogPluginManager: Mounting plugin IOSDeviceProfileSelector
LogPluginManager: Mounting plugin LinuxDeviceProfileSelector
LogPluginManager: Mounting plugin LocationServicesBPLibrary
LogPluginManager: Mounting plugin MobilePatchingUtils
LogPluginManager: Mounting plugin OculusVR
LogPluginManager: Mounting plugin PhysXVehicles
LogPluginManager: Mounting plugin PostSplashScreen
LogPluginManager: Mounting plugin ProceduralMeshComponent
LogPluginManager: Mounting plugin RuntimePhysXCooking
LogPluginManager: Mounting plugin SignificanceManager
LogPluginManager: Mounting plugin SteamVR
LogPluginManager: Mounting plugin WebMMoviePlayer
LogPluginManager: Mounting plugin WindowsMoviePlayer
LogPluginManager: Mounting plugin ScreenshotTools
LogInit: Using libcurl 7.55.1-DEV
LogInit:  - built for x86_64-pc-win32
LogInit:  - supports SSL with OpenSSL/1.1.1
LogInit:  - supports HTTP deflate (compression) using libz 1.2.8
LogInit:  - other features:
LogInit:      CURL_VERSION_SSL
LogInit:      CURL_VERSION_LIBZ
LogInit:      CURL_VERSION_IPV6
LogInit:      CURL_VERSION_ASYNCHDNS
LogInit:      CURL_VERSION_LARGEFILE
LogInit:      CURL_VERSION_IDN
LogInit:  CurlRequestOptions (configurable via config and command line):
LogInit:  - bVerifyPeer = true  - Libcurl will verify peer certificate
LogInit:  - bUseHttpProxy = false  - Libcurl will NOT use HTTP proxy
LogInit:  - bDontReuseConnections = false  - Libcurl will reuse connections
LogInit:  - MaxHostConnections = 16  - Libcurl will limit the number of connections to a host
LogInit:  - LocalHostAddr = Default
LogInit:  - BufferSize = 65536
LogOnline: OSS: Creating online subsystem instance for: NULL
LogInit: WinSock: version 1.1 (2.2), MaxSocks=32767, MaxUdp=65467
LogOnline: OSS: TryLoadSubsystemAndSetDefault: Loaded subsystem for module [NULL]
LogInit: Build: ++UE4+Release-4.24-CL-11100242
LogInit: Engine Version: 4.24.2-11100242+++UE4+Release-4.24
LogInit: Compatible Engine Version: 4.24.0-10570792+++UE4+Release-4.24
LogInit: Net CL: 10570792
LogInit: OS: Windows 10 (Release 1903) (), CPU: Intel(R) Xeon(R) CPU E3-1231 v3 @ 3.40GHz, GPU: NVIDIA Quadro K620
LogInit: Compiled (64-bit): Jan 24 2020 02:05:53
LogInit: Compiled with Visual C++: 19.16.27032.01
LogInit: Build Configuration: Development
LogInit: Branch Name: ++UE4+Release-4.24
LogInit: Command Line:  -EpicPortal -epiclocale=es-ES
LogInit: Base Directory: C:/Program Files/Epic Games/UE_4.24/Engine/Binaries/Win64/
LogInit: Installed Engine Build: 1
LogDevObjectVersion: Number of dev versions registered: 25
LogDevObjectVersion:   Dev-Blueprints (B0D832E4-1F89-4F0D-ACCF-7EB736FD4AA2): 10
LogDevObjectVersion:   Dev-Build (E1C64328-A22C-4D53-A36C-8E866417BD8C): 0
LogDevObjectVersion:   Dev-Core (375EC13C-06E4-48FB-B500-84F0262A717E): 3
LogDevObjectVersion:   Dev-Editor (E4B068ED-F494-42E9-A231-DA0B2E46BB41): 37
LogDevObjectVersion:   Dev-Framework (CFFC743F-43B0-4480-9391-14DF171D2073): 36
LogDevObjectVersion:   Dev-Mobile (B02B49B5-BB20-44E9-A304-32B752E40360): 2
LogDevObjectVersion:   Dev-Networking (A4E4105C-59A1-49B5-A7C5-40C4547EDFEE): 0
LogDevObjectVersion:   Dev-Online (39C831C9-5AE6-47DC-9A44-9C173E1C8E7C): 0
LogDevObjectVersion:   Dev-Physics (78F01B33-EBEA-4F98-B9B4-84EACCB95AA2): 2
LogDevObjectVersion:   Dev-Platform (6631380F-2D4D-43E0-8009-CF276956A95A): 0
LogDevObjectVersion:   Dev-Rendering (12F88B9F-8875-4AFC-A67C-D90C383ABD29): 36
LogDevObjectVersion:   Dev-Sequencer (7B5AE74C-D270-4C10-A958-57980B212A5A): 11
LogDevObjectVersion:   Dev-VR (D7296918-1DD6-4BDD-9DE2-64A83CC13884): 2
LogDevObjectVersion:   Dev-LoadTimes (C2A15278-BFE7-4AFE-6C17-90FF531DF755): 1
LogDevObjectVersion:   Private-Geometry (6EACA3D4-40EC-4CC1-B786-8BED09428FC5): 3
LogDevObjectVersion:   Dev-AnimPhys (29E575DD-E0A3-4627-9D10-D276232CDCEA): 17
LogDevObjectVersion:   Dev-Anim (AF43A65D-7FD3-4947-9873-3E8ED9C1BB05): 2
LogDevObjectVersion:   Dev-ReflectionCapture (6B266CEC-1EC7-4B8F-A30B-E4D90942FC07): 1
LogDevObjectVersion:   Dev-Automation (0DF73D61-A23F-47EA-B727-89E90C41499A): 1
LogDevObjectVersion:   FortniteMain (601D1886-AC64-4F84-AA16-D3DE0DEAC7D6): 31
LogDevObjectVersion:   Dev-Enterprise (9DFFBCD6-494F-0158-E221-12823C92A888): 8
LogDevObjectVersion:   Dev-Niagara (F2AED0AC-9AFE-416F-8664-AA7FFA26D6FC): 1
LogDevObjectVersion:   Dev-Destruction (174F1F0B-B4C6-45A5-B13F-2EE8D0FB917D): 9
LogDevObjectVersion:   Dev-Physics-Ext (35F94A83-E258-406C-A318-09F59610247C): 8
LogDevObjectVersion:   Dev-CineCamera (B2E18506-4273-CFC2-A54E-F4BB758BBA07): 1
LogInit: Presizing for max 25165824 objects, including 0 objects not considered by GC, pre-allocating 0 bytes for permanent pool.
LogInit: Object subsystem initialized
LogConfig: Setting CVar [[con.DebugEarlyDefault:1]]
LogConfig: Setting CVar [[r.setres:1280x720]]
[2020.02.13-16.37.26:621][  0]LogConfig: Setting CVar [[r.VSync:0]]
[2020.02.13-16.37.26:621][  0]LogConfig: Setting CVar [[r.RHICmdBypass:0]]
[2020.02.13-16.37.26:621][  0]LogConfig: Applying CVar settings from Section [/Script/Engine.RendererSettings] File [C:/Azorin/FPS_ArnauAzorin_2C/FPS/Saved/Config/Windows/Engine.ini]
[2020.02.13-16.37.26:621][  0]LogConfig: Setting CVar [[r.GPUCrashDebugging:0]]
[2020.02.13-16.37.26:621][  0]LogConfig: Applying CVar settings from Section [/Script/Engine.RendererOverrideSettings] File [C:/Azorin/FPS_ArnauAzorin_2C/FPS/Saved/Config/Windows/Engine.ini]
[2020.02.13-16.37.26:621][  0]LogConfig: Applying CVar settings from Section [/Script/Engine.StreamingSettings] File [C:/Azorin/FPS_ArnauAzorin_2C/FPS/Saved/Config/Windows/Engine.ini]
[2020.02.13-16.37.26:621][  0]LogConfig: Setting CVar [[s.MinBulkDataSizeForAsyncLoading:131072]]
[2020.02.13-16.37.26:621][  0]LogConfig: Setting CVar [[s.AsyncLoadingThreadEnabled:0]]
[2020.02.13-16.37.26:621][  0]LogConfig: Setting CVar [[s.EventDrivenLoaderEnabled:1]]
[2020.02.13-16.37.26:621][  0]LogConfig: Setting CVar [[s.WarnIfTimeLimitExceeded:0]]
[2020.02.13-16.37.26:621][  0]LogConfig: Setting CVar [[s.TimeLimitExceededMultiplier:1.5]]
[2020.02.13-16.37.26:621][  0]LogConfig: Setting CVar [[s.TimeLimitExceededMinTime:0.005]]
[2020.02.13-16.37.26:621][  0]LogConfig: Setting CVar [[s.UseBackgroundLevelStreaming:1]]
[2020.02.13-16.37.26:621][  0]LogConfig: Setting CVar [[s.PriorityAsyncLoadingExtraTime:15.0]]
[2020.02.13-16.37.26:621][  0]LogConfig: Setting CVar [[s.LevelStreamingActorsUpdateTimeLimit:5.0]]
[2020.02.13-16.37.26:621][  0]LogConfig: Setting CVar [[s.PriorityLevelStreamingActorsUpdateExtraTime:5.0]]
[2020.02.13-16.37.26:621][  0]LogConfig: Setting CVar [[s.LevelStreamingComponentsRegistrationGranularity:10]]
[2020.02.13-16.37.26:621][  0]LogConfig: Setting CVar [[s.UnregisterComponentsTimeLimit:1.0]]
[2020.02.13-16.37.26:621][  0]LogConfig: Setting CVar [[s.LevelStreamingComponentsUnregistrationGranularity:5]]
[2020.02.13-16.37.26:621][  0]LogConfig: Setting CVar [[s.FlushStreamingOnExit:1]]
[2020.02.13-16.37.26:621][  0]LogConfig: Applying CVar settings from Section [/Script/Engine.GarbageCollectionSettings] File [C:/Azorin/FPS_ArnauAzorin_2C/FPS/Saved/Config/Windows/Engine.ini]
[2020.02.13-16.37.26:621][  0]LogConfig: Setting CVar [[gc.MaxObjectsNotConsideredByGC:1]]
[2020.02.13-16.37.26:621][  0]LogConfig: Setting CVar [[gc.SizeOfPermanentObjectPool:0]]
[2020.02.13-16.37.26:621][  0]LogConfig: Setting CVar [[gc.FlushStreamingOnGC:0]]
[2020.02.13-16.37.26:621][  0]LogConfig: Setting CVar [[gc.NumRetriesBeforeForcingGC:10]]
[2020.02.13-16.37.26:621][  0]LogConfig: Setting CVar [[gc.AllowParallelGC:1]]
[2020.02.13-16.37.26:621][  0]LogConfig: Setting CVar [[gc.TimeBetweenPurgingPendingKillObjects:61.1]]
[2020.02.13-16.37.26:621][  0]LogConfig: Setting CVar [[gc.MaxObjectsInEditor:25165824]]
[2020.02.13-16.37.26:621][  0]LogConfig: Setting CVar [[gc.IncrementalBeginDestroyEnabled:1]]
[2020.02.13-16.37.26:621][  0]LogConfig: Setting CVar [[gc.CreateGCClusters:1]]
[2020.02.13-16.37.26:621][  0]LogConfig: Setting CVar [[gc.MinGCClusterSize:5]]
[2020.02.13-16.37.26:621][  0]LogConfig: Setting CVar [[gc.ActorClusteringEnabled:0]]
[2020.02.13-16.37.26:621][  0]LogConfig: Setting CVar [[gc.BlueprintClusteringEnabled:0]]
[2020.02.13-16.37.26:621][  0]LogConfig: Setting CVar [[gc.UseDisregardForGCOnDedicatedServers:0]]
[2020.02.13-16.37.26:621][  0]LogConfig: Applying CVar settings from Section [/Script/Engine.NetworkSettings] File [C:/Azorin/FPS_ArnauAzorin_2C/FPS/Saved/Config/Windows/Engine.ini]
[2020.02.13-16.37.26:621][  0]LogConfig: Applying CVar settings from Section [/Script/UnrealEd.CookerSettings] File [C:/Azorin/FPS_ArnauAzorin_2C/FPS/Saved/Config/Windows/Engine.ini]
[2020.02.13-16.37.26:624][  0]LogConfig: Applying CVar settings from Section [ViewDistanceQuality@3] File [C:/Azorin/FPS_ArnauAzorin_2C/FPS/Saved/Config/Windows/Scalability.ini]
[2020.02.13-16.37.26:624][  0]LogConfig: Setting CVar [[r.SkeletalMeshLODBias:0]]
[2020.02.13-16.37.26:624][  0]LogConfig: Setting CVar [[r.ViewDistanceScale:1.0]]
[2020.02.13-16.37.26:624][  0]LogConfig: Applying CVar settings from Section [AntiAliasingQuality@3] File [C:/Azorin/FPS_ArnauAzorin_2C/FPS/Saved/Config/Windows/Scalability.ini]
[2020.02.13-16.37.26:624][  0]LogConfig: Setting CVar [[r.PostProcessAAQuality:4]]
[2020.02.13-16.37.26:625][  0]LogConfig: Applying CVar settings from Section [ShadowQuality@3] File [C:/Azorin/FPS_ArnauAzorin_2C/FPS/Saved/Config/Windows/Scalability.ini]
[2020.02.13-16.37.26:625][  0]LogConfig: Setting CVar [[r.LightFunctionQuality:1]]
[2020.02.13-16.37.26:625][  0]LogConfig: Setting CVar [[r.ShadowQuality:5]]
[2020.02.13-16.37.26:625][  0]LogConfig: Setting CVar [[r.Shadow.CSM.MaxCascades:10]]
[2020.02.13-16.37.26:625][  0]LogConfig: Setting CVar [[r.Shadow.MaxResolution:2048]]
[2020.02.13-16.37.26:625][  0]LogConfig: Setting CVar [[r.Shadow.MaxCSMResolution:2048]]
[2020.02.13-16.37.26:625][  0]LogConfig: Setting CVar [[r.Shadow.RadiusThreshold:0.01]]
[2020.02.13-16.37.26:625][  0]LogConfig: Setting CVar [[r.Shadow.DistanceScale:1.0]]
[2020.02.13-16.37.26:625][  0]LogConfig: Setting CVar [[r.Shadow.CSM.TransitionScale:1.0]]
[2020.02.13-16.37.26:625][  0]LogConfig: Setting CVar [[r.Shadow.PreShadowResolutionFactor:1.0]]
[2020.02.13-16.37.26:625][  0]LogConfig: Setting CVar [[r.DistanceFieldShadowing:1]]
[2020.02.13-16.37.26:625][  0]LogConfig: Setting CVar [[r.DistanceFieldAO:1]]
[2020.02.13-16.37.26:625][  0]LogConfig: Setting CVar [[r.AOQuality:2]]
[2020.02.13-16.37.26:625][  0]LogConfig: Setting CVar [[r.VolumetricFog:1]]
[2020.02.13-16.37.26:625][  0]LogConfig: Setting CVar [[r.VolumetricFog.GridPixelSize:8]]
[2020.02.13-16.37.26:625][  0]LogConfig: Setting CVar [[r.VolumetricFog.GridSizeZ:128]]
[2020.02.13-16.37.26:625][  0]LogConfig: Setting CVar [[r.VolumetricFog.HistoryMissSupersampleCount:4]]
[2020.02.13-16.37.26:625][  0]LogConfig: Setting CVar [[r.LightMaxDrawDistanceScale:1]]
[2020.02.13-16.37.26:625][  0]LogConfig: Setting CVar [[r.CapsuleShadows:1]]
[2020.02.13-16.37.26:625][  0]LogConfig: Applying CVar settings from Section [PostProcessQuality@3] File [C:/Azorin/FPS_ArnauAzorin_2C/FPS/Saved/Config/Windows/Scalability.ini]
[2020.02.13-16.37.26:625][  0]LogConfig: Setting CVar [[r.MotionBlurQuality:4]]
[2020.02.13-16.37.26:625][  0]LogConfig: Setting CVar [[r.AmbientOcclusionMipLevelFactor:0.4]]
[2020.02.13-16.37.26:625][  0]LogConfig: Setting CVar [[r.AmbientOcclusionMaxQuality:100]]
[2020.02.13-16.37.26:625][  0]LogConfig: Setting CVar [[r.AmbientOcclusionLevels:-1]]
[2020.02.13-16.37.26:625][  0]LogConfig: Setting CVar [[r.AmbientOcclusionRadiusScale:1.0]]
[2020.02.13-16.37.26:625][  0]LogConfig: Setting CVar [[r.DepthOfFieldQuality:2]]
[2020.02.13-16.37.26:625][  0]LogConfig: Setting CVar [[r.RenderTargetPoolMin:400]]
[2020.02.13-16.37.26:625][  0]LogConfig: Setting CVar [[r.LensFlareQuality:2]]
[2020.02.13-16.37.26:625][  0]LogConfig: Setting CVar [[r.SceneColorFringeQuality:1]]
[2020.02.13-16.37.26:625][  0]LogConfig: Setting CVar [[r.EyeAdaptationQuality:2]]
[2020.02.13-16.37.26:625][  0]LogConfig: Setting CVar [[r.BloomQuality:5]]
[2020.02.13-16.37.26:625][  0]LogConfig: Setting CVar [[r.FastBlurThreshold:100]]
[2020.02.13-16.37.26:625][  0]LogConfig: Setting CVar [[r.Upscale.Quality:3]]
[2020.02.13-16.37.26:625][  0]LogConfig: Setting CVar [[r.Tonemapper.GrainQuantization:1]]
[2020.02.13-16.37.26:625][  0]LogConfig: Setting CVar [[r.LightShaftQuality:1]]
[2020.02.13-16.37.26:625][  0]LogConfig: Setting CVar [[r.Filter.SizeScale:1]]
[2020.02.13-16.37.26:625][  0]LogConfig: Setting CVar [[r.Tonemapper.Quality:5]]
[2020.02.13-16.37.26:625][  0]LogConfig: Setting CVar [[r.DOF.Gather.AccumulatorQuality:1        ; higher gathering accumulator quality]]
[2020.02.13-16.37.26:625][  0]LogConfig: Setting CVar [[r.DOF.Gather.PostfilterMethod:1          ; Median3x3 postfilering method]]
[2020.02.13-16.37.26:625][  0]LogConfig: Setting CVar [[r.DOF.Gather.EnableBokehSettings:0       ; no bokeh simulation when gathering]]
[2020.02.13-16.37.26:625][  0]LogConfig: Setting CVar [[r.DOF.Gather.RingCount:4                 ; medium number of samples when gathering]]
[2020.02.13-16.37.26:625][  0]LogConfig: Setting CVar [[r.DOF.Scatter.ForegroundCompositing:1    ; additive foreground scattering]]
[2020.02.13-16.37.26:625][  0]LogConfig: Setting CVar [[r.DOF.Scatter.BackgroundCompositing:2    ; additive background scattering]]
[2020.02.13-16.37.26:625][  0]LogConfig: Setting CVar [[r.DOF.Scatter.EnableBokehSettings:1      ; bokeh simulation when scattering]]
[2020.02.13-16.37.26:625][  0]LogConfig: Setting CVar [[r.DOF.Scatter.MaxSpriteRatio:0.1         ; only a maximum of 10% of scattered bokeh]]
[2020.02.13-16.37.26:625][  0]LogConfig: Setting CVar [[r.DOF.Recombine.Quality:1                ; cheap slight out of focus]]
[2020.02.13-16.37.26:625][  0]LogConfig: Setting CVar [[r.DOF.Recombine.EnableBokehSettings:0    ; no bokeh simulation on slight out of focus]]
[2020.02.13-16.37.26:625][  0]LogConfig: Setting CVar [[r.DOF.TemporalAAQuality:1                ; more stable temporal accumulation]]
[2020.02.13-16.37.26:625][  0]LogConfig: Setting CVar [[r.DOF.Kernel.MaxForegroundRadius:0.025]]
[2020.02.13-16.37.26:625][  0]LogConfig: Setting CVar [[r.DOF.Kernel.MaxBackgroundRadius:0.025]]
[2020.02.13-16.37.26:625][  0]LogConfig: Applying CVar settings from Section [TextureQuality@3] File [C:/Azorin/FPS_ArnauAzorin_2C/FPS/Saved/Config/Windows/Scalability.ini]
[2020.02.13-16.37.26:625][  0]LogConfig: Setting CVar [[r.Streaming.MipBias:0]]
[2020.02.13-16.37.26:625][  0]LogConfig: Setting CVar [[r.Streaming.AmortizeCPUToGPUCopy:0]]
[2020.02.13-16.37.26:625][  0]LogConfig: Setting CVar [[r.Streaming.MaxNumTexturesToStreamPerFrame:0]]
[2020.02.13-16.37.26:625][  0]LogConfig: Setting CVar [[r.Streaming.Boost:1]]
[2020.02.13-16.37.26:625][  0]LogConfig: Setting CVar [[r.MaxAnisotropy:8]]
[2020.02.13-16.37.26:625][  0]LogConfig: Setting CVar [[r.VT.MaxAnisotropy:8]]
[2020.02.13-16.37.26:625][  0]LogConfig: Setting CVar [[r.Streaming.LimitPoolSizeToVRAM:0]]
[2020.02.13-16.37.26:625][  0]LogConfig: Setting CVar [[r.Streaming.PoolSize:1000]]
[2020.02.13-16.37.26:625][  0]LogConfig: Setting CVar [[r.Streaming.MaxEffectiveScreenSize:0]]
[2020.02.13-16.37.26:625][  0]LogConfig: Applying CVar settings from Section [EffectsQuality@3] File [C:/Azorin/FPS_ArnauAzorin_2C/FPS/Saved/Config/Windows/Scalability.ini]
[2020.02.13-16.37.26:625][  0]LogConfig: Setting CVar [[r.TranslucencyLightingVolumeDim:64]]
[2020.02.13-16.37.26:625][  0]LogConfig: Setting CVar [[r.RefractionQuality:2]]
[2020.02.13-16.37.26:625][  0]LogConfig: Setting CVar [[r.SSR.Quality:3]]
[2020.02.13-16.37.26:625][  0]LogConfig: Setting CVar [[r.SSR.HalfResSceneColor:0]]
[2020.02.13-16.37.26:625][  0]LogConfig: Setting CVar [[r.SceneColorFormat:4]]
[2020.02.13-16.37.26:625][  0]LogConfig: Setting CVar [[r.DetailMode:2]]
[2020.02.13-16.37.26:625][  0]LogConfig: Setting CVar [[r.TranslucencyVolumeBlur:1]]
[2020.02.13-16.37.26:625][  0]LogConfig: Setting CVar [[r.MaterialQualityLevel:1 ; High quality]]
[2020.02.13-16.37.26:625][  0]LogConfig: Setting CVar [[r.SSS.Scale:1]]
[2020.02.13-16.37.26:625][  0]LogConfig: Setting CVar [[r.SSS.SampleSet:2]]
[2020.02.13-16.37.26:625][  0]LogConfig: Setting CVar [[r.SSS.Quality:1]]
[2020.02.13-16.37.26:625][  0]LogConfig: Setting CVar [[r.SSS.HalfRes:1]]
[2020.02.13-16.37.26:625][  0]LogConfig: Setting CVar [[r.SSGI.Quality:3]]
[2020.02.13-16.37.26:625][  0]LogConfig: Setting CVar [[r.EmitterSpawnRateScale:1.0]]
[2020.02.13-16.37.26:625][  0]LogConfig: Setting CVar [[r.ParticleLightQuality:2]]
[2020.02.13-16.37.26:625][  0]LogConfig: Setting CVar [[r.SkyAtmosphere.AerialPerspectiveLUT.FastApplyOnOpaque:1 ; Always have FastSkyLUT 1 in this case to avoid wrong sky]]
[2020.02.13-16.37.26:625][  0]LogConfig: Setting CVar [[r.SkyAtmosphere.AerialPerspectiveLUT.SampleCountPerSlice:1]]
[2020.02.13-16.37.26:625][  0]LogConfig: Setting CVar [[r.SkyAtmosphere.AerialPerspectiveLUT.DepthResolution:16.0]]
[2020.02.13-16.37.26:625][  0]LogConfig: Setting CVar [[r.SkyAtmosphere.FastSkyLUT:1]]
[2020.02.13-16.37.26:625][  0]LogConfig: Setting CVar [[r.SkyAtmosphere.FastSkyLUT.SampleCountMin:4.0]]
[2020.02.13-16.37.26:625][  0]LogConfig: Setting CVar [[r.SkyAtmosphere.FastSkyLUT.SampleCountMax:32.0]]
[2020.02.13-16.37.26:626][  0]LogConfig: Setting CVar [[r.SkyAtmosphere.SampleCountMin:4.0]]
[2020.02.13-16.37.26:626][  0]LogConfig: Setting CVar [[r.SkyAtmosphere.SampleCountMax:32.0]]
[2020.02.13-16.37.26:626][  0]LogConfig: Setting CVar [[r.SkyAtmosphere.TransmittanceLUT.UseSmallFormat:0]]
[2020.02.13-16.37.26:626][  0]LogConfig: Setting CVar [[r.SkyAtmosphere.TransmittanceLUT.SampleCount:10.0]]
[2020.02.13-16.37.26:626][  0]LogConfig: Setting CVar [[r.SkyAtmosphere.MultiScatteringLUT.SampleCount:15.0]]
[2020.02.13-16.37.26:626][  0]LogConfig: Applying CVar settings from Section [FoliageQuality@3] File [C:/Azorin/FPS_ArnauAzorin_2C/FPS/Saved/Config/Windows/Scalability.ini]
[2020.02.13-16.37.26:626][  0]LogConfig: Setting CVar [[foliage.DensityScale:1.0]]
[2020.02.13-16.37.26:626][  0]LogConfig: Setting CVar [[grass.DensityScale:1.0]]
[2020.02.13-16.37.26:626][  0]LogConfig: Applying CVar settings from Section [ShadingQuality@3] File [C:/Azorin/FPS_ArnauAzorin_2C/FPS/Saved/Config/Windows/Scalability.ini]
[2020.02.13-16.37.26:626][  0]LogConfig: Setting CVar [[r.HairStrands.SkyLighting.SampleCount:16]]
[2020.02.13-16.37.26:626][  0]LogConfig: Setting CVar [[r.HairStrands.SkyLighting.JitterIntegration:0]]
[2020.02.13-16.37.26:626][  0]LogConfig: Setting CVar [[r.HairStrands.SkyAO.SampleCount:16]]
[2020.02.13-16.37.26:626][  0]LogInit: Selected Device Profile: [Windows]
[2020.02.13-16.37.26:626][  0]LogInit: Applying CVar settings loaded from the selected device profile: [Windows]
[2020.02.13-16.37.26:628][  0]LogHAL: Display: Platform has ~ 16 GB [17111838720 / 17179869184 / 16], which maps to Larger [LargestMinGB=32, LargerMinGB=12, DefaultMinGB=8, SmallerMinGB=6, SmallestMinGB=0)
[2020.02.13-16.37.26:628][  0]LogInit: Going up to parent DeviceProfile []
[2020.02.13-16.37.26:629][  0]LogConfig: Applying CVar settings from Section [ViewDistanceQuality@3] File [C:/Azorin/FPS_ArnauAzorin_2C/FPS/Saved/Config/Windows/Scalability.ini]
[2020.02.13-16.37.26:629][  0]LogConfig: Setting CVar [[r.SkeletalMeshLODBias:0]]
[2020.02.13-16.37.26:629][  0]LogConfig: Setting CVar [[r.ViewDistanceScale:1.0]]
[2020.02.13-16.37.26:629][  0]LogConfig: Applying CVar settings from Section [AntiAliasingQuality@3] File [C:/Azorin/FPS_ArnauAzorin_2C/FPS/Saved/Config/Windows/Scalability.ini]
[2020.02.13-16.37.26:629][  0]LogConfig: Setting CVar [[r.PostProcessAAQuality:4]]
[2020.02.13-16.37.26:629][  0]LogConfig: Applying CVar settings from Section [ShadowQuality@3] File [C:/Azorin/FPS_ArnauAzorin_2C/FPS/Saved/Config/Windows/Scalability.ini]
[2020.02.13-16.37.26:629][  0]LogConfig: Setting CVar [[r.LightFunctionQuality:1]]
[2020.02.13-16.37.26:629][  0]LogConfig: Setting CVar [[r.ShadowQuality:5]]
[2020.02.13-16.37.26:629][  0]LogConfig: Setting CVar [[r.Shadow.CSM.MaxCascades:10]]
[2020.02.13-16.37.26:629][  0]LogConfig: Setting CVar [[r.Shadow.MaxResolution:2048]]
[2020.02.13-16.37.26:629][  0]LogConfig: Setting CVar [[r.Shadow.MaxCSMResolution:2048]]
[2020.02.13-16.37.26:629][  0]LogConfig: Setting CVar [[r.Shadow.RadiusThreshold:0.01]]
[2020.02.13-16.37.26:629][  0]LogConfig: Setting CVar [[r.Shadow.DistanceScale:1.0]]
[2020.02.13-16.37.26:629][  0]LogConfig: Setting CVar [[r.Shadow.CSM.TransitionScale:1.0]]
[2020.02.13-16.37.26:629][  0]LogConfig: Setting CVar [[r.Shadow.PreShadowResolutionFactor:1.0]]
[2020.02.13-16.37.26:629][  0]LogConfig: Setting CVar [[r.DistanceFieldShadowing:1]]
[2020.02.13-16.37.26:629][  0]LogConfig: Setting CVar [[r.DistanceFieldAO:1]]
[2020.02.13-16.37.26:629][  0]LogConfig: Setting CVar [[r.AOQuality:2]]
[2020.02.13-16.37.26:629][  0]LogConfig: Setting CVar [[r.VolumetricFog:1]]
[2020.02.13-16.37.26:629][  0]LogConfig: Setting CVar [[r.VolumetricFog.GridPixelSize:8]]
[2020.02.13-16.37.26:629][  0]LogConfig: Setting CVar [[r.VolumetricFog.GridSizeZ:128]]
[2020.02.13-16.37.26:629][  0]LogConfig: Setting CVar [[r.VolumetricFog.HistoryMissSupersampleCount:4]]
[2020.02.13-16.37.26:629][  0]LogConfig: Setting CVar [[r.LightMaxDrawDistanceScale:1]]
[2020.02.13-16.37.26:629][  0]LogConfig: Setting CVar [[r.CapsuleShadows:1]]
[2020.02.13-16.37.26:629][  0]LogConfig: Applying CVar settings from Section [PostProcessQuality@3] File [C:/Azorin/FPS_ArnauAzorin_2C/FPS/Saved/Config/Windows/Scalability.ini]
[2020.02.13-16.37.26:629][  0]LogConfig: Setting CVar [[r.MotionBlurQuality:4]]
[2020.02.13-16.37.26:629][  0]LogConfig: Setting CVar [[r.AmbientOcclusionMipLevelFactor:0.4]]
[2020.02.13-16.37.26:629][  0]LogConfig: Setting CVar [[r.AmbientOcclusionMaxQuality:100]]
[2020.02.13-16.37.26:629][  0]LogConfig: Setting CVar [[r.AmbientOcclusionLevels:-1]]
[2020.02.13-16.37.26:629][  0]LogConfig: Setting CVar [[r.AmbientOcclusionRadiusScale:1.0]]
[2020.02.13-16.37.26:629][  0]LogConfig: Setting CVar [[r.DepthOfFieldQuality:2]]
[2020.02.13-16.37.26:629][  0]LogConfig: Setting CVar [[r.RenderTargetPoolMin:400]]
[2020.02.13-16.37.26:629][  0]LogConfig: Setting CVar [[r.LensFlareQuality:2]]
[2020.02.13-16.37.26:629][  0]LogConfig: Setting CVar [[r.SceneColorFringeQuality:1]]
[2020.02.13-16.37.26:629][  0]LogConfig: Setting CVar [[r.EyeAdaptationQuality:2]]
[2020.02.13-16.37.26:629][  0]LogConfig: Setting CVar [[r.BloomQuality:5]]
[2020.02.13-16.37.26:629][  0]LogConfig: Setting CVar [[r.FastBlurThreshold:100]]
[2020.02.13-16.37.26:629][  0]LogConfig: Setting CVar [[r.Upscale.Quality:3]]
[2020.02.13-16.37.26:629][  0]LogConfig: Setting CVar [[r.Tonemapper.GrainQuantization:1]]
[2020.02.13-16.37.26:629][  0]LogConfig: Setting CVar [[r.LightShaftQuality:1]]
[2020.02.13-16.37.26:629][  0]LogConfig: Setting CVar [[r.Filter.SizeScale:1]]
[2020.02.13-16.37.26:629][  0]LogConfig: Setting CVar [[r.Tonemapper.Quality:5]]
[2020.02.13-16.37.26:629][  0]LogConfig: Setting CVar [[r.DOF.Gather.AccumulatorQuality:1        ; higher gathering accumulator quality]]
[2020.02.13-16.37.26:629][  0]LogConfig: Setting CVar [[r.DOF.Gather.PostfilterMethod:1          ; Median3x3 postfilering method]]
[2020.02.13-16.37.26:629][  0]LogConfig: Setting CVar [[r.DOF.Gather.EnableBokehSettings:0       ; no bokeh simulation when gathering]]
[2020.02.13-16.37.26:629][  0]LogConfig: Setting CVar [[r.DOF.Gather.RingCount:4                 ; medium number of samples when gathering]]
[2020.02.13-16.37.26:629][  0]LogConfig: Setting CVar [[r.DOF.Scatter.ForegroundCompositing:1    ; additive foreground scattering]]
[2020.02.13-16.37.26:629][  0]LogConfig: Setting CVar [[r.DOF.Scatter.BackgroundCompositing:2    ; additive background scattering]]
[2020.02.13-16.37.26:629][  0]LogConfig: Setting CVar [[r.DOF.Scatter.EnableBokehSettings:1      ; bokeh simulation when scattering]]
[2020.02.13-16.37.26:629][  0]LogConfig: Setting CVar [[r.DOF.Scatter.MaxSpriteRatio:0.1         ; only a maximum of 10% of scattered bokeh]]
[2020.02.13-16.37.26:629][  0]LogConfig: Setting CVar [[r.DOF.Recombine.Quality:1                ; cheap slight out of focus]]
[2020.02.13-16.37.26:629][  0]LogConfig: Setting CVar [[r.DOF.Recombine.EnableBokehSettings:0    ; no bokeh simulation on slight out of focus]]
[2020.02.13-16.37.26:629][  0]LogConfig: Setting CVar [[r.DOF.TemporalAAQuality:1                ; more stable temporal accumulation]]
[2020.02.13-16.37.26:629][  0]LogConfig: Setting CVar [[r.DOF.Kernel.MaxForegroundRadius:0.025]]
[2020.02.13-16.37.26:629][  0]LogConfig: Setting CVar [[r.DOF.Kernel.MaxBackgroundRadius:0.025]]
[2020.02.13-16.37.26:629][  0]LogConfig: Applying CVar settings from Section [TextureQuality@3] File [C:/Azorin/FPS_ArnauAzorin_2C/FPS/Saved/Config/Windows/Scalability.ini]
[2020.02.13-16.37.26:629][  0]LogConfig: Setting CVar [[r.Streaming.MipBias:0]]
[2020.02.13-16.37.26:629][  0]LogConfig: Setting CVar [[r.Streaming.AmortizeCPUToGPUCopy:0]]
[2020.02.13-16.37.26:629][  0]LogConfig: Setting CVar [[r.Streaming.MaxNumTexturesToStreamPerFrame:0]]
[2020.02.13-16.37.26:629][  0]LogConfig: Setting CVar [[r.Streaming.Boost:1]]
[2020.02.13-16.37.26:629][  0]LogConfig: Setting CVar [[r.MaxAnisotropy:8]]
[2020.02.13-16.37.26:629][  0]LogConfig: Setting CVar [[r.VT.MaxAnisotropy:8]]
[2020.02.13-16.37.26:629][  0]LogConfig: Setting CVar [[r.Streaming.LimitPoolSizeToVRAM:0]]
[2020.02.13-16.37.26:629][  0]LogConfig: Setting CVar [[r.Streaming.PoolSize:1000]]
[2020.02.13-16.37.26:629][  0]LogConfig: Setting CVar [[r.Streaming.MaxEffectiveScreenSize:0]]
[2020.02.13-16.37.26:629][  0]LogConfig: Applying CVar settings from Section [EffectsQuality@3] File [C:/Azorin/FPS_ArnauAzorin_2C/FPS/Saved/Config/Windows/Scalability.ini]
[2020.02.13-16.37.26:629][  0]LogConfig: Setting CVar [[r.TranslucencyLightingVolumeDim:64]]
[2020.02.13-16.37.26:629][  0]LogConfig: Setting CVar [[r.RefractionQuality:2]]
[2020.02.13-16.37.26:629][  0]LogConfig: Setting CVar [[r.SSR.Quality:3]]
[2020.02.13-16.37.26:629][  0]LogConfig: Setting CVar [[r.SSR.HalfResSceneColor:0]]
[2020.02.13-16.37.26:629][  0]LogConfig: Setting CVar [[r.SceneColorFormat:4]]
[2020.02.13-16.37.26:629][  0]LogConfig: Setting CVar [[r.DetailMode:2]]
[2020.02.13-16.37.26:629][  0]LogConfig: Setting CVar [[r.TranslucencyVolumeBlur:1]]
[2020.02.13-16.37.26:630][  0]LogConfig: Setting CVar [[r.MaterialQualityLevel:1 ; High quality]]
[2020.02.13-16.37.26:630][  0]LogConfig: Setting CVar [[r.SSS.Scale:1]]
[2020.02.13-16.37.26:630][  0]LogConfig: Setting CVar [[r.SSS.SampleSet:2]]
[2020.02.13-16.37.26:630][  0]LogConfig: Setting CVar [[r.SSS.Quality:1]]
[2020.02.13-16.37.26:630][  0]LogConfig: Setting CVar [[r.SSS.HalfRes:1]]
[2020.02.13-16.37.26:630][  0]LogConfig: Setting CVar [[r.SSGI.Quality:3]]
[2020.02.13-16.37.26:630][  0]LogConfig: Setting CVar [[r.EmitterSpawnRateScale:1.0]]
[2020.02.13-16.37.26:630][  0]LogConfig: Setting CVar [[r.ParticleLightQuality:2]]
[2020.02.13-16.37.26:630][  0]LogConfig: Setting CVar [[r.SkyAtmosphere.AerialPerspectiveLUT.FastApplyOnOpaque:1 ; Always have FastSkyLUT 1 in this case to avoid wrong sky]]
[2020.02.13-16.37.26:630][  0]LogConfig: Setting CVar [[r.SkyAtmosphere.AerialPerspectiveLUT.SampleCountPerSlice:1]]
[2020.02.13-16.37.26:630][  0]LogConfig: Setting CVar [[r.SkyAtmosphere.AerialPerspectiveLUT.DepthResolution:16.0]]
[2020.02.13-16.37.26:630][  0]LogConfig: Setting CVar [[r.SkyAtmosphere.FastSkyLUT:1]]
[2020.02.13-16.37.26:630][  0]LogConfig: Setting CVar [[r.SkyAtmosphere.FastSkyLUT.SampleCountMin:4.0]]
[2020.02.13-16.37.26:630][  0]LogConfig: Setting CVar [[r.SkyAtmosphere.FastSkyLUT.SampleCountMax:32.0]]
[2020.02.13-16.37.26:630][  0]LogConfig: Setting CVar [[r.SkyAtmosphere.SampleCountMin:4.0]]
[2020.02.13-16.37.26:630][  0]LogConfig: Setting CVar [[r.SkyAtmosphere.SampleCountMax:32.0]]
[2020.02.13-16.37.26:630][  0]LogConfig: Setting CVar [[r.SkyAtmosphere.TransmittanceLUT.UseSmallFormat:0]]
[2020.02.13-16.37.26:630][  0]LogConfig: Setting CVar [[r.SkyAtmosphere.TransmittanceLUT.SampleCount:10.0]]
[2020.02.13-16.37.26:630][  0]LogConfig: Setting CVar [[r.SkyAtmosphere.MultiScatteringLUT.SampleCount:15.0]]
[2020.02.13-16.37.26:630][  0]LogConfig: Applying CVar settings from Section [FoliageQuality@3] File [C:/Azorin/FPS_ArnauAzorin_2C/FPS/Saved/Config/Windows/Scalability.ini]
[2020.02.13-16.37.26:630][  0]LogConfig: Setting CVar [[foliage.DensityScale:1.0]]
[2020.02.13-16.37.26:630][  0]LogConfig: Setting CVar [[grass.DensityScale:1.0]]
[2020.02.13-16.37.26:630][  0]LogConfig: Applying CVar settings from Section [ShadingQuality@3] File [C:/Azorin/FPS_ArnauAzorin_2C/FPS/Saved/Config/Windows/Scalability.ini]
[2020.02.13-16.37.26:630][  0]LogConfig: Setting CVar [[r.HairStrands.SkyLighting.SampleCount:16]]
[2020.02.13-16.37.26:630][  0]LogConfig: Setting CVar [[r.HairStrands.SkyLighting.JitterIntegration:0]]
[2020.02.13-16.37.26:630][  0]LogConfig: Setting CVar [[r.HairStrands.SkyAO.SampleCount:16]]
[2020.02.13-16.37.26:630][  0]LogConfig: Applying CVar settings from Section [Startup] File [../../../Engine/Config/ConsoleVariables.ini]
[2020.02.13-16.37.26:630][  0]LogConfig: Setting CVar [[net.UseAdaptiveNetUpdateFrequency:0]]
[2020.02.13-16.37.26:630][  0]LogConfig: Setting CVar [[p.chaos.AllowCreatePhysxBodies:1]]
[2020.02.13-16.37.26:630][  0]LogConfig: Applying CVar settings from Section [ConsoleVariables] File [C:/Azorin/FPS_ArnauAzorin_2C/FPS/Saved/Config/Windows/Engine.ini]
[2020.02.13-16.37.26:630][  0]LogInit: Computer: A101PC02
[2020.02.13-16.37.26:630][  0]LogInit: User: Alumno
[2020.02.13-16.37.26:630][  0]LogInit: CPU Page size=4096, Cores=4
[2020.02.13-16.37.26:630][  0]LogInit: High frequency timer resolution =10.000000 MHz
[2020.02.13-16.37.26:630][  0]LogMemory: Memory total: Physical=15.9GB (16GB approx)
[2020.02.13-16.37.26:630][  0]LogMemory: Platform Memory Stats for Windows
[2020.02.13-16.37.26:630][  0]LogMemory: Process Physical Memory: 105.13 MB used, 105.14 MB peak
[2020.02.13-16.37.26:630][  0]LogMemory: Process Virtual Memory: 100.41 MB used, 100.41 MB peak
[2020.02.13-16.37.26:630][  0]LogMemory: Physical Memory: 4689.48 MB used,  11629.64 MB free, 16319.12 MB total
[2020.02.13-16.37.26:630][  0]LogMemory: Virtual Memory: 5137.50 MB used,  134212592.00 MB free, 134217728.00 MB total
[2020.02.13-16.37.26:635][  0]LogWindows: WindowsPlatformFeatures enabled
[2020.02.13-16.37.26:648][  0]LogInit: Overriding language with editor language configuration option (en).
[2020.02.13-16.37.26:648][  0]LogInit: Overriding locale with editor culture configuration option ().
[2020.02.13-16.37.26:648][  0]LogInit: Using OS detected locale (es-ES).
[2020.02.13-16.37.26:854][  0]LogInit: Setting process to per monitor DPI aware
[2020.02.13-16.37.26:886][  0]LogSlate: New Slate User Created.  User Index 0, Is Virtual User: 0
[2020.02.13-16.37.26:886][  0]LogSlate: Slate User Registered.  User Index 0, Is Virtual User: 0
[2020.02.13-16.37.27:024][  0]LogHMD: Failed to initialize OpenVR with code 110
[2020.02.13-16.37.27:024][  0]LogD3D11RHI: D3D11 min allowed feature level: 11_0
[2020.02.13-16.37.27:024][  0]LogD3D11RHI: D3D11 max allowed feature level: 11_0
[2020.02.13-16.37.27:024][  0]LogD3D11RHI: D3D11 adapters:
[2020.02.13-16.37.27:092][  0]LogD3D11RHI:    0. 'NVIDIA Quadro K620' (Feature Level 11_0)
[2020.02.13-16.37.27:092][  0]LogD3D11RHI:       2007/0/8159 MB DedicatedVideo/DedicatedSystem/SharedSystem, Outputs:1, VendorId:0x10de
[2020.02.13-16.37.27:094][  0]LogD3D11RHI:    1. 'Microsoft Basic Render Driver' (Feature Level 11_0)
[2020.02.13-16.37.27:094][  0]LogD3D11RHI:       0/0/8159 MB DedicatedVideo/DedicatedSystem/SharedSystem, Outputs:0, VendorId:0x1414
[2020.02.13-16.37.27:094][  0]LogD3D11RHI: Chosen D3D11 Adapter: 0
[2020.02.13-16.37.27:100][  0]LogD3D11RHI: Creating new Direct3DDevice
[2020.02.13-16.37.27:100][  0]LogD3D11RHI:     GPU DeviceId: 0x13bb (for the marketing name, search the web for "GPU Device Id")
[2020.02.13-16.37.27:100][  0]LogWindows: EnumDisplayDevices:
[2020.02.13-16.37.27:100][  0]LogWindows:    0. 'NVIDIA Quadro K620' (P:1 D:1)
[2020.02.13-16.37.27:100][  0]LogWindows:    1. 'NVIDIA Quadro K620' (P:0 D:0)
[2020.02.13-16.37.27:101][  0]LogWindows:    2. 'NVIDIA Quadro K620' (P:0 D:0)
[2020.02.13-16.37.27:101][  0]LogWindows:    3. 'NVIDIA Quadro K620' (P:0 D:0)
[2020.02.13-16.37.27:101][  0]LogWindows: DebugString: FoundDriverCount:4 
[2020.02.13-16.37.27:101][  0]LogD3D11RHI:     Adapter Name: NVIDIA Quadro K620
[2020.02.13-16.37.27:101][  0]LogD3D11RHI:   Driver Version: 440.97 (internal:26.21.14.4097, unified:440.97)
[2020.02.13-16.37.27:101][  0]LogD3D11RHI:      Driver Date: 10-16-2019
[2020.02.13-16.37.27:101][  0]LogRHI: Texture pool is 1405 MB (70% of 2007 MB)
[2020.02.13-16.37.27:151][  0]LogD3D11RHI: RHI has support for 64 bit atomics
[2020.02.13-16.37.27:151][  0]LogD3D11RHI: Async texture creation enabled
[2020.02.13-16.37.27:166][  0]LogD3D11RHI: GPU Timing Frequency: 1000.000000 (Debug: 2 1)
[2020.02.13-16.37.27:451][  0]LogTargetPlatformManager: Display: Loaded TargetPlatform 'AllDesktop'
[2020.02.13-16.37.27:482][  0]LogTargetPlatformManager: Display: Loaded TargetPlatform 'Android'
[2020.02.13-16.37.27:482][  0]LogTargetPlatformManager: Display: Loaded TargetPlatform 'Android_ASTC'
[2020.02.13-16.37.27:482][  0]LogTargetPlatformManager: Display: Loaded TargetPlatform 'Android_ATC'
[2020.02.13-16.37.27:482][  0]LogTargetPlatformManager: Display: Loaded TargetPlatform 'Android_DXT'
[2020.02.13-16.37.27:482][  0]LogTargetPlatformManager: Display: Loaded TargetPlatform 'Android_ETC1'
[2020.02.13-16.37.27:482][  0]LogTargetPlatformManager: Display: Loaded TargetPlatform 'Android_ETC1a'
[2020.02.13-16.37.27:482][  0]LogTargetPlatformManager: Display: Loaded TargetPlatform 'Android_ETC2'
[2020.02.13-16.37.27:482][  0]LogTargetPlatformManager: Display: Loaded TargetPlatform 'Android_PVRTC'
[2020.02.13-16.37.27:482][  0]LogTargetPlatformManager: Display: Loaded TargetPlatform 'AndroidClient'
[2020.02.13-16.37.27:482][  0]LogTargetPlatformManager: Display: Loaded TargetPlatform 'Android_ASTCClient'
[2020.02.13-16.37.27:483][  0]LogTargetPlatformManager: Display: Loaded TargetPlatform 'Android_ATCClient'
[2020.02.13-16.37.27:483][  0]LogTargetPlatformManager: Display: Loaded TargetPlatform 'Android_DXTClient'
[2020.02.13-16.37.27:483][  0]LogTargetPlatformManager: Display: Loaded TargetPlatform 'Android_ETC1Client'
[2020.02.13-16.37.27:483][  0]LogTargetPlatformManager: Display: Loaded TargetPlatform 'Android_ETC1aClient'
[2020.02.13-16.37.27:483][  0]LogTargetPlatformManager: Display: Loaded TargetPlatform 'Android_ETC2Client'
[2020.02.13-16.37.27:483][  0]LogTargetPlatformManager: Display: Loaded TargetPlatform 'Android_PVRTCClient'
[2020.02.13-16.37.27:483][  0]LogTargetPlatformManager: Display: Loaded TargetPlatform 'Android_Multi'
[2020.02.13-16.37.27:483][  0]LogTargetPlatformManager: Display: Loaded TargetPlatform 'Android_MultiClient'
[2020.02.13-16.37.27:500][  0]LogTargetPlatformManager: Display: Loaded TargetPlatform 'IOSClient'
[2020.02.13-16.37.27:500][  0]LogTargetPlatformManager: Display: Loaded TargetPlatform 'IOS'
[2020.02.13-16.37.27:507][  0]LogTargetPlatformManager: Display: Loaded TargetPlatform 'LinuxNoEditor'
[2020.02.13-16.37.27:514][  0]LogTargetPlatformManager: Display: Loaded TargetPlatform 'LinuxClient'
[2020.02.13-16.37.27:520][  0]LogTargetPlatformManager: Display: Loaded TargetPlatform 'LinuxServer'
[2020.02.13-16.37.27:527][  0]LogTargetPlatformManager: Display: Loaded TargetPlatform 'LinuxAArch64NoEditor'
[2020.02.13-16.37.27:534][  0]LogTargetPlatformManager: Display: Loaded TargetPlatform 'LinuxAArch64Client'
[2020.02.13-16.37.27:541][  0]LogTargetPlatformManager: Display: Loaded TargetPlatform 'LinuxAArch64Server'
[2020.02.13-16.37.27:565][  0]LogTargetPlatformManager: Display: Loaded TargetPlatform 'Lumin'
[2020.02.13-16.37.27:565][  0]LogTargetPlatformManager: Display: Loaded TargetPlatform 'LuminClient'
[2020.02.13-16.37.27:579][  0]LogTargetPlatformManager: Display: Loaded TargetPlatform 'TVOSClient'
[2020.02.13-16.37.27:579][  0]LogTargetPlatformManager: Display: Loaded TargetPlatform 'TVOS'
[2020.02.13-16.37.27:585][  0]LogTargetPlatformManager: Display: Loaded TargetPlatform 'WindowsNoEditor'
[2020.02.13-16.37.27:593][  0]LogTargetPlatformManager: Display: Loaded TargetPlatform 'Windows'
[2020.02.13-16.37.27:600][  0]LogTargetPlatformManager: Display: Loaded TargetPlatform 'WindowsClient'
[2020.02.13-16.37.27:607][  0]LogTargetPlatformManager: Display: Loaded TargetPlatform 'WindowsServer'
[2020.02.13-16.37.27:607][  0]LogTargetPlatformManager: Display: Building Assets For Windows
[2020.02.13-16.37.27:610][  0]LogAudioDebug: Display: Lib vorbis DLL was dynamically loaded.
[2020.02.13-16.37.27:630][  0]LogShaderCompilers: Guid format shader working directory is -1 characters bigger than the processId version (../../../../../../Azorin/FPS_ArnauAzorin_2C/FPS/Intermediate/Shaders/WorkingDirectory/56248/).
[2020.02.13-16.37.27:630][  0]LogShaderCompilers: Cleaned the shader compiler working directory 'C:/Users/Alumno/AppData/Local/Temp/UnrealShaderWorkingDir/2C14FB9844625A58FD8D0AB32610CB4C/'.
[2020.02.13-16.37.27:630][  0]LogXGEController: Cannot use XGE Controller as Incredibuild is not installed on this machine.
[2020.02.13-16.37.27:631][  0]LogShaderCompilers: Cannot use XGE Shader Compiler as Incredibuild is not installed on this machine.
[2020.02.13-16.37.27:631][  0]LogShaderCompilers: Display: Using Local Shader Compiler.
[2020.02.13-16.37.28:345][  0]LogDerivedDataCache: Display: Max Cache Size: 512 MB
[2020.02.13-16.37.28:410][  0]LogDerivedDataCache: Loaded boot cache 0.07s 99MB C:/Users/Alumno/AppData/Local/UnrealEngine/4.24/DerivedDataCache/Boot.ddc.
[2020.02.13-16.37.28:410][  0]LogDerivedDataCache: Display: Loaded Boot cache: C:/Users/Alumno/AppData/Local/UnrealEngine/4.24/DerivedDataCache/Boot.ddc
[2020.02.13-16.37.28:410][  0]LogDerivedDataCache: FDerivedDataBackendGraph:  Pak pak cache file ../../../../../../Azorin/FPS_ArnauAzorin_2C/FPS/DerivedDataCache/DDC.ddp not found, will not use a pak cache.
[2020.02.13-16.37.28:410][  0]LogDerivedDataCache: Unable to find inner node Pak for hierarchical cache Hierarchy.
[2020.02.13-16.37.28:410][  0]LogDerivedDataCache: FDerivedDataBackendGraph:  CompressedPak pak cache file ../../../../../../Azorin/FPS_ArnauAzorin_2C/FPS/DerivedDataCache/Compressed.ddp not found, will not use a pak cache.
[2020.02.13-16.37.28:410][  0]LogDerivedDataCache: Unable to find inner node CompressedPak for hierarchical cache Hierarchy.
[2020.02.13-16.37.28:421][  0]LogDerivedDataCache: Display: Pak cache opened for reading ../../../Engine/DerivedDataCache/Compressed.ddp.
[2020.02.13-16.37.28:421][  0]LogDerivedDataCache: FDerivedDataBackendGraph:  EnterprisePak pak cache file ../../../Enterprise/DerivedDataCache/Compressed.ddp not found, will not use a pak cache.
[2020.02.13-16.37.28:421][  0]LogDerivedDataCache: Unable to find inner node EnterprisePak for hierarchical cache Hierarchy.
[2020.02.13-16.37.28:423][  0]LogDerivedDataCache: Using Local data cache path C:/Users/Alumno/AppData/Local/UnrealEngine/Common/DerivedDataCache: Writable
[2020.02.13-16.37.28:423][  0]LogDerivedDataCache: Shared data cache path not found in *engine.ini, will not use an Shared cache.
[2020.02.13-16.37.28:423][  0]LogDerivedDataCache: Unable to find inner node Shared for hierarchical cache Hierarchy.
[2020.02.13-16.37.28:448][  0]LogMaterial: Verifying Global Shaders for PCD3D_SM5
[2020.02.13-16.37.28:450][  0]LogSlate: Using FreeType 2.10.0
[2020.02.13-16.37.28:451][  0]LogSlate: SlateFontServices - WITH_FREETYPE: 1, WITH_HARFBUZZ: 1
[2020.02.13-16.37.28:499][  0]LogAssetRegistry: FAssetRegistry took 0.0022 seconds to start up
[2020.02.13-16.37.28:785][  0]LogInit: Selected Device Profile: [Windows]
[2020.02.13-16.37.28:940][  0]LogMeshReduction: Using QuadricMeshReduction for automatic static mesh reduction
[2020.02.13-16.37.28:940][  0]LogMeshReduction: Using SimplygonMeshReduction for automatic skeletal mesh reduction
[2020.02.13-16.37.28:940][  0]LogMeshReduction: Using ProxyLODMeshReduction for automatic mesh merging
[2020.02.13-16.37.28:940][  0]LogMeshReduction: No distributed automatic mesh merging module available
[2020.02.13-16.37.28:940][  0]LogMeshMerging: No distributed automatic mesh merging module available
[2020.02.13-16.37.28:953][  0]LogNetVersion: FPS 1.0.0, NetCL: 10570792, EngineNetVer: 13, GameNetVer: 0 (Checksum: 2002512573)
[2020.02.13-16.37.29:949][  0]LogPackageLocalizationCache: Processed 10 localized package path(s) for 1 prioritized culture(s) in 0.045488 seconds
[2020.02.13-16.37.29:955][  0]LogUObjectArray: 46750 objects as part of root set at end of initial load.
[2020.02.13-16.37.29:955][  0]LogUObjectAllocator: 8137160 out of 0 bytes used by permanent object pool.
[2020.02.13-16.37.29:956][  0]LogUObjectArray: CloseDisregardForGC: 0/0 objects in disregard for GC pool
[2020.02.13-16.37.30:345][  0]LogTcpMessaging: Initializing TcpMessaging bridge
[2020.02.13-16.37.30:347][  0]LogUdpMessaging: Initializing bridge on interface 0.0.0.0:0 to multicast group 230.0.0.1:6666.
[2020.02.13-16.37.30:392][  0]SourceControl: Source control is disabled
[2020.02.13-16.37.30:392][  0]SourceControl: Source control is disabled
[2020.02.13-16.37.30:393][  0]SourceControl: Source control is disabled
[2020.02.13-16.37.30:393][  0]SourceControl: Source control is disabled
[2020.02.13-16.37.30:394][  0]SourceControl: Source control is disabled
[2020.02.13-16.37.30:466][  0]LogAndroidPermission: UAndroidPermissionCallbackProxy::GetInstance
[2020.02.13-16.37.30:474][  0]LogAudioCaptureCore: Display: No Audio Capture implementations found. Audio input will be silent.
[2020.02.13-16.37.30:474][  0]LogAudioCaptureCore: Display: No Audio Capture implementations found. Audio input will be silent.
[2020.02.13-16.37.30:554][  0]LogOcInput: OculusInput pre-init called
[2020.02.13-16.37.30:560][  0]LogWindows: Failed to load 'OVRPlugin.dll' (GetLastError=126)
[2020.02.13-16.37.30:560][  0]LogWindows: File 'OVRPlugin.dll' does not exist
[2020.02.13-16.37.30:628][  0]LogEngine: Initializing Engine...
[2020.02.13-16.37.30:629][  0]LogHMD: Failed to initialize OpenVR with code 110
[2020.02.13-16.37.30:629][  0]LogStats: UGameplayTagsManager::InitializeManager -  0.000 s
[2020.02.13-16.37.30:961][  0]LogInit: Initializing FReadOnlyCVARCache
[2020.02.13-16.37.30:966][  0]LogAIModule: Creating AISystem for world Untitled
[2020.02.13-16.37.30:981][  0]LogAudioMixer: Display: Audio Mixer Platform Settings:
[2020.02.13-16.37.30:981][  0]LogAudioMixer: Display: 	Sample Rate:						  48000
[2020.02.13-16.37.30:981][  0]LogAudioMixer: Display: 	Callback Buffer Frame Size Requested: 1024
[2020.02.13-16.37.30:981][  0]LogAudioMixer: Display: 	Callback Buffer Frame Size To Use:	  1024
[2020.02.13-16.37.30:981][  0]LogAudioMixer: Display: 	Number of buffers to queue:			  2
[2020.02.13-16.37.30:981][  0]LogAudioMixer: Display: 	Max Channels (voices):				  32
[2020.02.13-16.37.30:981][  0]LogAudioMixer: Display: 	Number of Async Source Workers:		  0
[2020.02.13-16.37.30:981][  0]LogAudio: Display: AudioDevice MaxSources: 32
[2020.02.13-16.37.30:981][  0]LogAudio: Display: Using built-in audio occlusion.
[2020.02.13-16.37.30:981][  0]LogAudioMixer: Display: Initializing audio mixer.
[2020.02.13-16.37.30:991][  0]LogAudioMixer: Display: Audio Device Output Speaker Info:
[2020.02.13-16.37.30:991][  0]LogAudioMixer: Display: Name: Realtek Digital Output (Realtek High Definition Audio)
[2020.02.13-16.37.30:991][  0]LogAudioMixer: Display: Is Default: Yes
[2020.02.13-16.37.30:991][  0]LogAudioMixer: Display: Sample Rate: 48000
[2020.02.13-16.37.30:991][  0]LogAudioMixer: Display: Channel Count Used: 2
[2020.02.13-16.37.30:991][  0]LogAudioMixer: Display: Device Channel Count: 2
[2020.02.13-16.37.30:991][  0]LogAudioMixer: Display: Channel Order:
[2020.02.13-16.37.30:991][  0]LogAudioMixer: Display: 0: FrontLeft
[2020.02.13-16.37.30:991][  0]LogAudioMixer: Display: 1: FrontRight
[2020.02.13-16.37.31:029][  0]LogAudioMixer: Display: Using Audio Device Realtek Digital Output (Realtek High Definition Audio)
[2020.02.13-16.37.31:032][  0]LogInit: FAudioDevice initialized.
[2020.02.13-16.37.31:032][  0]LogNetVersion: Set ProjectVersion to 1.0.0.0. Version Checksum will be recalculated on next use.
[2020.02.13-16.37.31:298][  0]LogDerivedDataCache: Saved boot cache 0.27s 99MB C:/Users/Alumno/AppData/Local/UnrealEngine/4.24/DerivedDataCache/Boot.ddc.
[2020.02.13-16.37.31:314][  0]LogInit: Texture streaming: Enabled
[2020.02.13-16.37.31:333][  0]LogEngineSessionManager: EngineSessionManager initialized
[2020.02.13-16.37.31:333][  0]LogEditorSessionSummary: Verbose: Initializing EditorSessionSummaryWriter for editor session tracking
[2020.02.13-16.37.31:335][  0]LogEditorSessionSummary: EditorSessionSummaryWriter initialized
[2020.02.13-16.37.31:637][  0]LogInit: Transaction tracking system initialized
[2020.02.13-16.37.31:653][  0]BlueprintLog: New page: Editor Load
[2020.02.13-16.37.31:680][  0]LocalizationService: Localization service is disabled
[2020.02.13-16.37.32:016][  0]LogFileCache: Scanning file cache for directory 'C:/Azorin/FPS_ArnauAzorin_2C/FPS/Content/' took 0.01s
[2020.02.13-16.37.32:016][  0]LogCook: Display: Max memory allowance for cook 16384mb min free memory 0mb
[2020.02.13-16.37.32:016][  0]LogCook: Display: Mobile HDR setting 1
[2020.02.13-16.37.32:602][  0]SourceControl: Source control is disabled
[2020.02.13-16.37.32:602][  0]Cmd: MAP LOAD FILE="../../../../../../Azorin/FPS_ArnauAzorin_2C/FPS/Content/ThirdPersonBP/Maps/ThirdPersonExampleMap.umap" TEMPLATE=0 SHOWPROGRESS=1 FEATURELEVEL=3
[2020.02.13-16.37.32:602][  0]LightingResults: New page: Lighting Build
[2020.02.13-16.37.32:603][  0]LogWorld: UWorld::CleanupWorld for Untitled, bSessionEnded=true, bCleanupResources=true
[2020.02.13-16.37.32:603][  0]LogSlate: InvalidateAllWidgets triggered.  All widgets were invalidated
[2020.02.13-16.37.32:603][  0]MapCheck: New page: Map Check
[2020.02.13-16.37.32:603][  0]LightingResults: New page: Lighting Build
[2020.02.13-16.37.32:629][  0]LogUObjectHash: Compacting FUObjectHashTables data took   1.95ms
[2020.02.13-16.37.34:984][  0]LogMaterial: Display: Missing cached shader map for material Soldier_head6, compiling. 
[2020.02.13-16.37.35:082][  0]LogShaderCompilers: Display: Worker (1/5): shaders left to compile 39
[2020.02.13-16.37.35:082][  0]LogShaderCompilers: Display: Worker (2/5): shaders left to compile 31
[2020.02.13-16.37.35:082][  0]LogShaderCompilers: Display: Worker (3/5): shaders left to compile 23
[2020.02.13-16.37.35:082][  0]LogShaderCompilers: Display: Worker (4/5): shaders left to compile 15
[2020.02.13-16.37.35:082][  0]LogShaderCompilers: Display: Worker (5/5): shaders left to compile 7
[2020.02.13-16.37.35:082][  0]LogMaterial: Display: Missing cached shader map for material Soldier_body1, compiling. 
[2020.02.13-16.37.35:626][  0]LogAIModule: Creating AISystem for world ThirdPersonExampleMap
[2020.02.13-16.37.35:638][  0]LogEditorServer: Finished looking for orphan Actors (0.000 secs)
[2020.02.13-16.37.35:666][  0]LogUObjectHash: Compacting FUObjectHashTables data took   2.38ms
[2020.02.13-16.37.35:667][  0]Cmd: MAP CHECKDEP NOCLEARLOG
[2020.02.13-16.37.35:667][  0]MapCheck: Map check complete: 0 Error(s), 0 Warning(s), took 0,151ms to complete.
[2020.02.13-16.37.35:667][  0]LogFileHelpers: Loading map 'ThirdPersonExampleMap' took 3.066
[2020.02.13-16.37.36:254][  0]LogSlate: Updating window title bar state: overlay mode, drag disabled, window buttons hidden, title bar hidden
[2020.02.13-16.37.36:260][  0]LogSlate: Updating window title bar state: overlay mode, drag disabled, window buttons hidden, title bar hidden
[2020.02.13-16.37.36:268][  0]LogSlate: Updating window title bar state: overlay mode, drag disabled, window buttons hidden, title bar hidden
[2020.02.13-16.37.36:274][  0]LogSlate: Updating window title bar state: overlay mode, drag disabled, window buttons hidden, title bar hidden
[2020.02.13-16.37.36:335][  0]LogCollectionManager: Loaded 0 collections in 0.001808 seconds
[2020.02.13-16.37.36:348][  0]LogFileCache: Scanning file cache for directory 'C:/Azorin/FPS_ArnauAzorin_2C/FPS/Saved/Collections/' took 0.00s
[2020.02.13-16.37.36:348][  0]LogFileCache: Scanning file cache for directory 'C:/Azorin/FPS_ArnauAzorin_2C/FPS/Content/Developers/Alumno/Collections/' took 0.00s
[2020.02.13-16.37.36:348][  0]LogFileCache: Scanning file cache for directory 'C:/Azorin/FPS_ArnauAzorin_2C/FPS/Content/Collections/' took 0.00s
[2020.02.13-16.37.36:348][  0]LogContentBrowser: Native class hierarchy populated in 0.0080 seconds. Added 3017 classes and 720 folders.
[2020.02.13-16.37.36:350][  0]LogContentBrowser: Native class hierarchy updated for 'WidgetCarousel' in 0.0002 seconds. Added 0 classes and 0 folders.
[2020.02.13-16.37.37:906][  0]LogContentBrowser: Native class hierarchy updated for 'AddContentDialog' in 0.0004 seconds. Added 0 classes and 0 folders.
[2020.02.13-16.37.37:941][  0]LogSlate: Took 0.000211 seconds to synchronously load lazily loaded font '../../../Engine/Content/Slate/Fonts/Roboto-Regular.ttf' (155K)
[2020.02.13-16.37.37:944][  0]LogSlate: Took 0.000201 seconds to synchronously load lazily loaded font '../../../Engine/Content/Slate/Fonts/Roboto-Bold.ttf' (160K)
[2020.02.13-16.37.37:975][  0]LogSlate: Took 0.023914 seconds to synchronously load lazily loaded font '../../../Engine/Content/Editor/Slate/Fonts/FontAwesome.ttf' (139K)
[2020.02.13-16.37.38:528][  0]LogRenderer: Reallocating scene render targets to support 840x628 Format 10 NumSamples 1 (Frame:1).
[2020.02.13-16.37.38:887][  0]LogContentBrowser: Native class hierarchy updated for 'HierarchicalLODOutliner' in 0.0003 seconds. Added 0 classes and 0 folders.
[2020.02.13-16.37.38:887][  0]LogLoad: (Engine Initialization) Total time: 13.78 seconds
[2020.02.13-16.37.38:887][  0]LogLoad: (Engine Initialization) Total Blueprint compile time: 0.00 seconds
[2020.02.13-16.37.38:973][  0]LogContentStreaming: Texture pool size now 1000 MB
[2020.02.13-16.37.39:060][  0]LogSlate: Took 0.018961 seconds to synchronously load lazily loaded font '../../../Engine/Content/Slate/Fonts/Roboto-Light.ttf' (167K)
[2020.02.13-16.37.39:453][  6]LogAssetRegistry: Asset discovery search completed in 10.9547 seconds
[2020.02.13-16.37.39:461][  6]LogCollectionManager: Fixed up redirectors for 0 collections in 0.000021 seconds (updated 0 objects)
[2020.02.13-16.37.40:627][102]LogShaderCompilers: Display: Worker (4/5): shaders left to compile 39
[2020.02.13-16.37.40:735][112]LogShaderCompilers: Display: Worker (3/5): shaders left to compile 29
[2020.02.13-16.37.40:923][130]LogShaderCompilers: Display: Worker (1/5): shaders left to compile 21
[2020.02.13-16.37.41:382][175]LogShaderCompilers: Display: Worker (2/5): shaders left to compile 15
[2020.02.13-16.37.43:238][363]LogShaderCompilers: Display: Worker (2/5): shaders left to compile 11
[2020.02.13-16.37.43:656][406]LogShaderCompilers: Display: Worker (1/5): shaders left to compile 8
[2020.02.13-16.37.44:294][471]LogShaderCompilers: Display: Worker (3/5): shaders left to compile 5
[2020.02.13-16.37.44:479][490]LogShaderCompilers: Display: Worker (2/5): shaders left to compile 3
[2020.02.13-16.37.44:996][543]LogShaderCompilers: Display: Worker (2/5): shaders left to compile 2
[2020.02.13-16.37.45:055][549]LogShaderCompilers: Display: Worker (1/5): shaders left to compile 1
[2020.02.13-16.43.41:056][161]LogSlate: Took 0.000204 seconds to synchronously load lazily loaded font '../../../Engine/Content/Slate/Fonts/Roboto-Light.ttf' (167K)
[2020.02.13-16.43.41:081][161]LogAssetEditorSubsystem: Opening Asset editor for Blueprint /Game/ThirdPersonBP/Blueprints/ThirdPersonCharacter.ThirdPersonCharacter
[2020.02.13-16.43.41:856][161]LogContentBrowser: Native class hierarchy updated for 'BlueprintGraph' in 0.0006 seconds. Added 121 classes and 0 folders.
[2020.02.13-16.43.43:569][161]LogSlate: Took 0.000131 seconds to synchronously load lazily loaded font '../../../Engine/Content/Slate/Fonts/Roboto-BoldCondensed.ttf' (158K)
[2020.02.13-16.45.07:353][939]LogSlate: Took 0.016507 seconds to synchronously load lazily loaded font '../../../Engine/Content/Slate/Fonts/Roboto-Italic.ttf' (157K)
[2020.02.13-16.45.14:020][460]LogRenderer: Reallocating scene render targets to support 1144x712 Format 10 NumSamples 1 (Frame:1).
[2020.02.13-16.45.46:305][865]LogAssetEditorSubsystem: Opening Asset editor for AnimBlueprint /Game/ThirdPersonBP/Models/Swat/SwatAnim_BP.SwatAnim_BP
[2020.02.13-16.45.46:359][865]LogContentBrowser: Native class hierarchy updated for 'SkeletonEditor' in 0.0003 seconds. Added 1 classes and 2 folders.
[2020.02.13-16.45.46:762][865]LogActorComponent: RegisterComponentWithWorld: (/Engine/Transient.World_8:PersistentLevel.AnimationEditorPreviewActor_0.DebugSkelMeshComponent_0) Already registered. Aborting.
[2020.02.13-16.45.46:763][865]LogContentBrowser: Native class hierarchy updated for 'PinnedCommandList' in 0.0002 seconds. Added 1 classes and 0 folders.
[2020.02.13-16.45.47:070][865]LogSkeletalMesh: USkeletalMeshComponent::InitArticulated : Bodies already created (/Engine/Transient.World_8:PersistentLevel.AnimationEditorPreviewActor_0.DebugSkelMeshComponent_0) - call TermArticulated first.
[2020.02.13-16.51.23:719][866]LogSlate: Window 'Color Picker' being destroyed
[2020.02.13-16.51.29:226][301]LogSlate: Window 'Color Picker' being destroyed
[2020.02.13-16.51.54:541][253]LogUObjectHash: Compacting FUObjectHashTables data took   5.55ms
[2020.02.13-16.51.54:789][253]LogSavePackage: Moving '../../../../../../Azorin/FPS_ArnauAzorin_2C/FPS/Saved/ThirdPersonExampleMap_Auto1653831E84627799E0737A5924DFBDD15.tmp' to '../../../../../../Azorin/FPS_ArnauAzorin_2C/FPS/Saved/Autosaves/Game/ThirdPersonBP/Maps/ThirdPersonExampleMap_Auto1.umap'
[2020.02.13-16.51.54:791][253]LogFileHelpers: Editor autosave (incl. sublevels) for '/Game/ThirdPersonBP/Maps/ThirdPersonExampleMap' took 0.318
[2020.02.13-16.51.54:791][253]LogFileHelpers: Editor autosave (incl. sublevels) for all levels took 0.318
[2020.02.13-16.51.54:792][253]OBJ SavePackage: Generating thumbnails for [1] asset(s) in package [/Game/ThirdPersonBP/Blueprints/ThirdPersonCharacter] ([1] browsable assets)...
[2020.02.13-16.51.54:810][253]OBJ SavePackage:     Rendered thumbnail for [Blueprint /Game/ThirdPersonBP/Blueprints/ThirdPersonCharacter.ThirdPersonCharacter]
[2020.02.13-16.51.54:810][253]OBJ SavePackage: Finished generating thumbnails for package [/Game/ThirdPersonBP/Blueprints/ThirdPersonCharacter]
[2020.02.13-16.51.54:869][253]LogSavePackage: Moving '../../../../../../Azorin/FPS_ArnauAzorin_2C/FPS/Saved/ThirdPersonCharacter_Auto11B19B07E43108A4F91A285A817290028.tmp' to '../../../../../../Azorin/FPS_ArnauAzorin_2C/FPS/Saved/Autosaves/Game/ThirdPersonBP/Blueprints/ThirdPersonCharacter_Auto1.uasset'
[2020.02.13-16.51.54:870][253]LogFileHelpers: Auto-saving content packages took 0.079
[2020.02.13-16.52.38:300][692]LogSavePackage: Moving '../../../../../../Azorin/FPS_ArnauAzorin_2C/FPS/Saved/ThirdPersonCharacterF4CA57CB41012F5B34EE2A9AE0E540AC.tmp' to '../../../../../../Azorin/FPS_ArnauAzorin_2C/FPS/Content/ThirdPersonBP/Blueprints/ThirdPersonCharacter.uasset'
[2020.02.13-16.52.38:323][692]AssetCheck: New page: Asset Save: ThirdPersonCharacter
[2020.02.13-16.52.38:323][692]LogContentValidation: Display: Validating Blueprint /Game/ThirdPersonBP/Blueprints/ThirdPersonCharacter.ThirdPersonCharacter
[2020.02.13-16.56.45:353][624]BlueprintLog: New page: Compile SwatAnim_BP
[2020.02.13-16.56.45:357][624]LogBlueprint: Warning: [Compiler SwatAnim_BP] Idle/Run to Crouch  will never be taken, please connect something to  Can Enter Transition
[2020.02.13-16.56.45:357][624]LogBlueprint: Warning: [Compiler SwatAnim_BP] Crouch to Idle/Run  will never be taken, please connect something to  Can Enter Transition
[2020.02.13-16.56.45:611][624]LogUObjectHash: Compacting FUObjectHashTables data took   5.15ms
[2020.02.13-17.02.07:308][265]LogSlate: Window 'Pick Skeleton' being destroyed
[2020.02.13-17.02.24:128][872]LogAssetEditorSubsystem: Opening Asset editor for BlendSpace /Game/ThirdPersonBP/Models/Swat/Crouch_BP.Crouch_BP
[2020.02.13-17.02.24:211][872]LogActorComponent: RegisterComponentWithWorld: (/Engine/Transient.World_10:PersistentLevel.AnimationEditorPreviewActor_0.DebugSkelMeshComponent_0) Already registered. Aborting.
[2020.02.13-17.02.24:296][872]LogSkeletalMesh: USkeletalMeshComponent::InitArticulated : Bodies already created (/Engine/Transient.World_10:PersistentLevel.AnimationEditorPreviewActor_0.DebugSkelMeshComponent_0) - call TermArticulated first.
[2020.02.13-17.02.24:925][872]LogContentBrowser: Verbose: The majority of assets in the view are of type: AnimSequence
[2020.02.13-17.03.25:736][488]LogUObjectHash: Compacting FUObjectHashTables data took   5.76ms
[2020.02.13-17.03.25:736][488]LogFileHelpers: Editor autosave (incl. sublevels) for '/Game/ThirdPersonBP/Maps/ThirdPersonExampleMap' took 0.089
[2020.02.13-17.03.25:737][488]OBJ SavePackage: Generating thumbnails for [1] asset(s) in package [/Game/ThirdPersonBP/Models/Swat/SwatAnim_BP] ([1] browsable assets)...
[2020.02.13-17.03.25:756][488]OBJ SavePackage:     Rendered thumbnail for [AnimBlueprint /Game/ThirdPersonBP/Models/Swat/SwatAnim_BP.SwatAnim_BP]
[2020.02.13-17.03.25:756][488]OBJ SavePackage: Finished generating thumbnails for package [/Game/ThirdPersonBP/Models/Swat/SwatAnim_BP]
[2020.02.13-17.03.25:792][488]LogSavePackage: Moving '../../../../../../Azorin/FPS_ArnauAzorin_2C/FPS/Saved/SwatAnim_BP_Auto26169B43549B7229BEDE272B9A28594A3.tmp' to '../../../../../../Azorin/FPS_ArnauAzorin_2C/FPS/Saved/Autosaves/Game/ThirdPersonBP/Models/Swat/SwatAnim_BP_Auto2.uasset'
[2020.02.13-17.03.25:794][488]OBJ SavePackage: Generating thumbnails for [1] asset(s) in package [/Game/ThirdPersonBP/Models/Swat/Crouch_BP] ([1] browsable assets)...
[2020.02.13-17.03.25:810][488]OBJ SavePackage:     Rendered thumbnail for [BlendSpace /Game/ThirdPersonBP/Models/Swat/Crouch_BP.Crouch_BP]
[2020.02.13-17.03.25:810][488]OBJ SavePackage: Finished generating thumbnails for package [/Game/ThirdPersonBP/Models/Swat/Crouch_BP]
[2020.02.13-17.03.25:824][488]LogSavePackage: Moving '../../../../../../Azorin/FPS_ArnauAzorin_2C/FPS/Saved/Crouch_BP_Auto2B1D4DED34B8BA41B99A949ABCDFCBFB9.tmp' to '../../../../../../Azorin/FPS_ArnauAzorin_2C/FPS/Saved/Autosaves/Game/ThirdPersonBP/Models/Swat/Crouch_BP_Auto2.uasset'
[2020.02.13-17.03.25:825][488]LogFileHelpers: Auto-saving content packages took 0.090
[2020.02.13-17.08.11:449][641]Cmd: TRANSACTION UNDO
[2020.02.13-17.08.11:449][641]LogEditorTransaction: Undo Adding Blend Grid Sample
[2020.02.13-17.08.11:591][641]LogActorComponent: RegisterComponentWithWorld: (/Engine/Transient.World_8:PersistentLevel.AnimationEditorPreviewActor_0.DebugSkelMeshComponent_0) Already registered. Aborting.
[2020.02.13-17.08.11:592][641]LogActorComponent: RegisterComponentWithWorld: (/Engine/Transient.World_10:PersistentLevel.AnimationEditorPreviewActor_0.DebugSkelMeshComponent_0) Already registered. Aborting.
[2020.02.13-17.08.12:071][651]Cmd: TRANSACTION UNDO
[2020.02.13-17.08.12:071][651]LogEditorTransaction: Undo Adding Blend Grid Sample
[2020.02.13-17.08.12:222][651]LogActorComponent: RegisterComponentWithWorld: (/Engine/Transient.World_8:PersistentLevel.AnimationEditorPreviewActor_0.DebugSkelMeshComponent_0) Already registered. Aborting.
[2020.02.13-17.08.12:223][651]LogActorComponent: RegisterComponentWithWorld: (/Engine/Transient.World_10:PersistentLevel.AnimationEditorPreviewActor_0.DebugSkelMeshComponent_0) Already registered. Aborting.
[2020.02.13-17.13.26:041][780]LogUObjectHash: Compacting FUObjectHashTables data took   4.68ms
[2020.02.13-17.13.26:042][780]LogFileHelpers: Editor autosave (incl. sublevels) for '/Game/ThirdPersonBP/Maps/ThirdPersonExampleMap' took 0.069
[2020.02.13-17.13.26:042][780]OBJ SavePackage: Generating thumbnails for [1] asset(s) in package [/Game/ThirdPersonBP/Models/Swat/Crouch_BP] ([1] browsable assets)...
[2020.02.13-17.13.26:062][780]OBJ SavePackage:     Rendered thumbnail for [BlendSpace /Game/ThirdPersonBP/Models/Swat/Crouch_BP.Crouch_BP]
[2020.02.13-17.13.26:062][780]OBJ SavePackage: Finished generating thumbnails for package [/Game/ThirdPersonBP/Models/Swat/Crouch_BP]
[2020.02.13-17.13.26:078][780]LogSavePackage: Moving '../../../../../../Azorin/FPS_ArnauAzorin_2C/FPS/Saved/Crouch_BP_Auto352084A624616A81169C567BE116AA85B.tmp' to '../../../../../../Azorin/FPS_ArnauAzorin_2C/FPS/Saved/Autosaves/Game/ThirdPersonBP/Models/Swat/Crouch_BP_Auto3.uasset'
[2020.02.13-17.13.26:079][780]LogFileHelpers: Auto-saving content packages took 0.037
[2020.02.13-17.15.54:909][373]Cmd: OBJ SAVEPACKAGE PACKAGE="/Game/ThirdPersonBP/Models/Swat/Crouch_BP" FILE="../../../../../../Azorin/FPS_ArnauAzorin_2C/FPS/Content/ThirdPersonBP/Models/Swat/Crouch_BP.uasset" SILENT=true
[2020.02.13-17.15.54:919][373]LogSavePackage: Moving '../../../../../../Azorin/FPS_ArnauAzorin_2C/FPS/Saved/Crouch_BPFD7513C44F43212B1F9D3DA3BECAC56E.tmp' to '../../../../../../Azorin/FPS_ArnauAzorin_2C/FPS/Content/ThirdPersonBP/Models/Swat/Crouch_BP.uasset'
[2020.02.13-17.15.54:955][373]AssetCheck: New page: Asset Save: Crouch_BP
[2020.02.13-17.15.54:955][373]LogContentValidation: Display: Validating BlendSpace /Game/ThirdPersonBP/Models/Swat/Crouch_BP.Crouch_BP
[2020.02.13-17.15.55:883][418]LogSlate: Window 'Crouch_BP' being destroyed
[2020.02.13-17.15.55:894][418]LogSlate: Window 'Crouch_BP' being destroyed
[2020.02.13-17.15.55:908][418]LogWorld: UWorld::CleanupWorld for World_1, bSessionEnded=true, bCleanupResources=true
[2020.02.13-17.15.55:908][418]LogSlate: InvalidateAllWidgets triggered.  All widgets were invalidated
[2020.02.13-17.15.55:981][418]LogWorld: UWorld::CleanupWorld for World_8, bSessionEnded=true, bCleanupResources=true
[2020.02.13-17.15.55:981][418]LogSlate: InvalidateAllWidgets triggered.  All widgets were invalidated
[2020.02.13-17.15.55:985][418]LogWorld: UWorld::CleanupWorld for World_7, bSessionEnded=true, bCleanupResources=true
[2020.02.13-17.15.55:985][418]LogSlate: InvalidateAllWidgets triggered.  All widgets were invalidated
[2020.02.13-17.15.56:180][418]LogWorld: UWorld::CleanupWorld for World_9, bSessionEnded=true, bCleanupResources=true
[2020.02.13-17.15.56:180][418]LogSlate: InvalidateAllWidgets triggered.  All widgets were invalidated
[2020.02.13-17.15.56:193][418]LogWorld: UWorld::CleanupWorld for World_10, bSessionEnded=true, bCleanupResources=true
[2020.02.13-17.15.56:194][418]LogSlate: InvalidateAllWidgets triggered.  All widgets were invalidated
[2020.02.13-17.15.56:339][418]LogWorld: UWorld::CleanupWorld for World_11, bSessionEnded=true, bCleanupResources=true
[2020.02.13-17.15.56:339][418]LogSlate: InvalidateAllWidgets triggered.  All widgets were invalidated
[2020.02.13-17.16.02:158][803]LogSlate: Window 'Pick Skeleton' being destroyed
[2020.02.13-17.16.10:927][ 83]LogAssetEditorSubsystem: Opening Asset editor for BlendSpace /Game/ThirdPersonBP/Models/Swat/Speed_BP.Speed_BP
[2020.02.13-17.16.10:934][ 83]LogActorComponent: RegisterComponentWithWorld: (/Engine/Transient.World_13:PersistentLevel.AnimationEditorPreviewActor_0.DebugSkelMeshComponent_0) Already registered. Aborting.
[2020.02.13-17.16.11:069][ 83]LogSkeletalMesh: USkeletalMeshComponent::InitArticulated : Bodies already created (/Engine/Transient.World_13:PersistentLevel.AnimationEditorPreviewActor_0.DebugSkelMeshComponent_0) - call TermArticulated first.
[2020.02.13-17.16.11:388][ 83]LogContentBrowser: Verbose: The majority of assets in the view are of type: AnimSequence
[2020.02.13-17.23.30:383][229]LogUObjectHash: Compacting FUObjectHashTables data took   3.88ms
[2020.02.13-17.23.30:398][229]LogFileHelpers: Editor autosave (incl. sublevels) for '/Game/ThirdPersonBP/Maps/ThirdPersonExampleMap' took 0.082
[2020.02.13-17.23.30:398][229]OBJ SavePackage: Generating thumbnails for [1] asset(s) in package [/Game/ThirdPersonBP/Models/Swat/Speed_BP] ([1] browsable assets)...
[2020.02.13-17.23.30:416][229]OBJ SavePackage:     Rendered thumbnail for [BlendSpace /Game/ThirdPersonBP/Models/Swat/Speed_BP.Speed_BP]
[2020.02.13-17.23.30:416][229]OBJ SavePackage: Finished generating thumbnails for package [/Game/ThirdPersonBP/Models/Swat/Speed_BP]
[2020.02.13-17.23.30:432][229]LogSavePackage: Moving '../../../../../../Azorin/FPS_ArnauAzorin_2C/FPS/Saved/Speed_BP_Auto4A24B279840F34ED25D9C59A0350AF2E0.tmp' to '../../../../../../Azorin/FPS_ArnauAzorin_2C/FPS/Saved/Autosaves/Game/ThirdPersonBP/Models/Swat/Speed_BP_Auto4.uasset'
[2020.02.13-17.23.30:432][229]LogFileHelpers: Auto-saving content packages took 0.034
[2020.02.13-17.28.10:790][ 96]Cmd: OBJ SAVEPACKAGE PACKAGE="/Game/ThirdPersonBP/Models/Swat/Speed_BP" FILE="../../../../../../Azorin/FPS_ArnauAzorin_2C/FPS/Content/ThirdPersonBP/Models/Swat/Speed_BP.uasset" SILENT=true
[2020.02.13-17.28.10:807][ 96]LogSavePackage: Moving '../../../../../../Azorin/FPS_ArnauAzorin_2C/FPS/Saved/Speed_BP33825CF34203F507613F2280D36025D8.tmp' to '../../../../../../Azorin/FPS_ArnauAzorin_2C/FPS/Content/ThirdPersonBP/Models/Swat/Speed_BP.uasset'
[2020.02.13-17.28.10:828][ 96]AssetCheck: New page: Asset Save: Speed_BP
[2020.02.13-17.28.10:828][ 96]LogContentValidation: Display: Validating BlendSpace /Game/ThirdPersonBP/Models/Swat/Speed_BP.Speed_BP
[2020.02.13-17.28.11:902][145]LogSlate: Window 'Speed_BP' being destroyed
[2020.02.13-17.28.11:919][145]LogSlate: Window 'Speed_BP' being destroyed
[2020.02.13-17.28.11:919][145]LogWorld: UWorld::CleanupWorld for World_13, bSessionEnded=true, bCleanupResources=true
[2020.02.13-17.28.11:919][145]LogSlate: InvalidateAllWidgets triggered.  All widgets were invalidated
[2020.02.13-17.28.12:076][145]LogWorld: UWorld::CleanupWorld for World_14, bSessionEnded=true, bCleanupResources=true
[2020.02.13-17.28.12:076][145]LogSlate: InvalidateAllWidgets triggered.  All widgets were invalidated
[2020.02.13-17.28.13:930][213]LogAssetEditorSubsystem: Opening Asset editor for BlendSpace /Game/ThirdPersonBP/Models/Swat/Crouch_BP.Crouch_BP
[2020.02.13-17.28.13:936][213]LogActorComponent: RegisterComponentWithWorld: (/Engine/Transient.World_15:PersistentLevel.AnimationEditorPreviewActor_0.DebugSkelMeshComponent_0) Already registered. Aborting.
[2020.02.13-17.28.14:058][213]LogSkeletalMesh: USkeletalMeshComponent::InitArticulated : Bodies already created (/Engine/Transient.World_15:PersistentLevel.AnimationEditorPreviewActor_0.DebugSkelMeshComponent_0) - call TermArticulated first.
[2020.02.13-17.28.14:399][213]LogContentBrowser: Verbose: The majority of assets in the view are of type: AnimSequence
[2020.02.13-17.28.15:363][257]LogSlate: Window 'Crouch_BP' being destroyed
[2020.02.13-17.28.15:380][257]LogSlate: Window 'Crouch_BP' being destroyed
[2020.02.13-17.28.15:381][257]LogWorld: UWorld::CleanupWorld for World_15, bSessionEnded=true, bCleanupResources=true
[2020.02.13-17.28.15:381][257]LogSlate: InvalidateAllWidgets triggered.  All widgets were invalidated
[2020.02.13-17.28.15:493][257]LogWorld: UWorld::CleanupWorld for World_16, bSessionEnded=true, bCleanupResources=true
[2020.02.13-17.28.15:493][257]LogSlate: InvalidateAllWidgets triggered.  All widgets were invalidated
[2020.02.13-17.28.17:167][323]LogAssetEditorSubsystem: Opening Asset editor for AnimBlueprint /Game/ThirdPersonBP/Models/Swat/SwatAnim_BP.SwatAnim_BP
[2020.02.13-17.28.17:178][323]LogActorComponent: RegisterComponentWithWorld: (/Engine/Transient.World_18:PersistentLevel.AnimationEditorPreviewActor_0.DebugSkelMeshComponent_0) Already registered. Aborting.
[2020.02.13-17.28.17:564][323]LogSkeletalMesh: USkeletalMeshComponent::InitArticulated : Bodies already created (/Engine/Transient.World_18:PersistentLevel.AnimationEditorPreviewActor_0.DebugSkelMeshComponent_0) - call TermArticulated first.
[2020.02.13-17.28.52:806][320]BlueprintLog: New page: Compile SwatAnim_BP
[2020.02.13-17.28.52:810][320]LogBlueprint: Warning: [Compiler SwatAnim_BP] Idle/Run to Crouch  will never be taken, please connect something to  Can Enter Transition
[2020.02.13-17.28.52:811][320]LogBlueprint: Warning: [Compiler SwatAnim_BP] Crouch to Idle/Run  will never be taken, please connect something to  Can Enter Transition
[2020.02.13-17.28.52:811][320]LogBlueprint: Warning: [Compiler SwatAnim_BP] Idle/Run to Speed  will never be taken, please connect something to  Can Enter Transition
[2020.02.13-17.28.52:811][320]LogBlueprint: Warning: [Compiler SwatAnim_BP] Speed to Idle/Run  will never be taken, please connect something to  Can Enter Transition
[2020.02.13-17.28.53:084][320]LogUObjectHash: Compacting FUObjectHashTables data took   4.54ms
[2020.02.13-17.30.34:427][296]LogContentBrowser: Verbose: The majority of assets in the view are of type: AnimSequence
[2020.02.13-17.33.54:820][627]LogUObjectHash: Compacting FUObjectHashTables data took   4.36ms
[2020.02.13-17.33.54:828][627]LogFileHelpers: Editor autosave (incl. sublevels) for '/Game/ThirdPersonBP/Maps/ThirdPersonExampleMap' took 0.048
[2020.02.13-17.33.54:829][627]OBJ SavePackage: Generating thumbnails for [1] asset(s) in package [/Game/ThirdPersonBP/Models/Swat/SwatAnim_BP] ([1] browsable assets)...
[2020.02.13-17.33.54:846][627]OBJ SavePackage:     Rendered thumbnail for [AnimBlueprint /Game/ThirdPersonBP/Models/Swat/SwatAnim_BP.SwatAnim_BP]
[2020.02.13-17.33.54:846][627]OBJ SavePackage: Finished generating thumbnails for package [/Game/ThirdPersonBP/Models/Swat/SwatAnim_BP]
[2020.02.13-17.33.54:884][627]LogSavePackage: Moving '../../../../../../Azorin/FPS_ArnauAzorin_2C/FPS/Saved/SwatAnim_BP_Auto583CEC89C4FDC9AB132DFCEA327DE3560.tmp' to '../../../../../../Azorin/FPS_ArnauAzorin_2C/FPS/Saved/Autosaves/Game/ThirdPersonBP/Models/Swat/SwatAnim_BP_Auto5.uasset'
[2020.02.13-17.33.54:885][627]LogFileHelpers: Auto-saving content packages took 0.058
[2020.02.13-17.34.19:234][938]BlueprintLog: New page: Compile SwatAnim_BP
[2020.02.13-17.34.19:239][938]LogBlueprint: Warning: [Compiler SwatAnim_BP] Idle/Run to Crouch  will never be taken, please connect something to  Can Enter Transition
[2020.02.13-17.34.19:239][938]LogBlueprint: Warning: [Compiler SwatAnim_BP] Crouch to Idle/Run  will never be taken, please connect something to  Can Enter Transition
[2020.02.13-17.34.19:240][938]LogBlueprint: Warning: [Compiler SwatAnim_BP] Idle/Run to Speed  will never be taken, please connect something to  Can Enter Transition
[2020.02.13-17.34.19:240][938]LogBlueprint: Warning: [Compiler SwatAnim_BP] Speed to Idle/Run  will never be taken, please connect something to  Can Enter Transition
[2020.02.13-17.34.19:440][938]LogUObjectHash: Compacting FUObjectHashTables data took   3.72ms
[2020.02.13-17.34.20:308][980]Cmd: OBJ SAVEPACKAGE PACKAGE="/Game/ThirdPersonBP/Models/Swat/SwatAnim_BP" FILE="../../../../../../Azorin/FPS_ArnauAzorin_2C/FPS/Content/ThirdPersonBP/Models/Swat/SwatAnim_BP.uasset" SILENT=true
[2020.02.13-17.34.20:342][980]LogSavePackage: Moving '../../../../../../Azorin/FPS_ArnauAzorin_2C/FPS/Saved/SwatAnim_BPCC13920E40837121C24F4BA7B918A33E.tmp' to '../../../../../../Azorin/FPS_ArnauAzorin_2C/FPS/Content/ThirdPersonBP/Models/Swat/SwatAnim_BP.uasset'
[2020.02.13-17.34.20:355][980]AssetCheck: New page: Asset Save: SwatAnim_BP
[2020.02.13-17.34.20:355][980]LogContentValidation: Display: Validating AnimBlueprint /Game/ThirdPersonBP/Models/Swat/SwatAnim_BP.SwatAnim_BP
[2020.02.13-17.40.12:227][443]BlueprintLog: New page: Compile SwatAnim_BP
[2020.02.13-17.40.12:233][443]LogBlueprint: Warning: [Compiler SwatAnim_BP] Idle/Run to Crouch  will never be taken, please connect something to  Can Enter Transition
[2020.02.13-17.40.12:233][443]LogBlueprint: Warning: [Compiler SwatAnim_BP] Crouch to Idle/Run  will never be taken, please connect something to  Can Enter Transition
[2020.02.13-17.40.12:234][443]LogBlueprint: Warning: [Compiler SwatAnim_BP] Idle/Run to Speed  will never be taken, please connect something to  Can Enter Transition
[2020.02.13-17.40.12:234][443]LogBlueprint: Warning: [Compiler SwatAnim_BP] Speed to Idle/Run  will never be taken, please connect something to  Can Enter Transition
[2020.02.13-17.40.12:436][443]LogUObjectHash: Compacting FUObjectHashTables data took   4.39ms
